This is pdfTeX, Version 3.14159265-2.6-1.40.19 (TeX Live 2019/dev/Debian) (preloaded format=pdflatex 2018.11.6)  23 DEC 2018 21:16
entering extended mode
 restricted \write18 enabled.
 %&-line parsing enabled.
**apa.tex
(./apa.tex
LaTeX2e <2018-04-01> patch level 5

! LaTeX Error: File `apa6.cls' not found.

Type X to quit or <RETURN> to proceed,
or enter new name. (Default extension: cls)

Enter file name: 
! Emergency stop.
<read *> 
         
l.2 \usepackage
               {lmodern}^^M 
Here is how much of TeX's memory you used:
 10 strings out of 494543
 171 string characters out of 6176661
 51604 words of memory out of 5000000
 3752 multiletter control sequences out of 15000+600000
 3640 words of font info for 14 fonts, out of 8000000 for 9000
 36 hyphenation exceptions out of 8191
 10i,0n,8p,44b,8s stack positions out of 5000i,500n,10000p,200000b,80000s

!  ==> Fatal error occurred, no output PDF file produced!
