This is pdfTeX, Version 3.14159265-2.6-1.40.20 (TeX Live 2019/Debian) (preloaded format=pdflatex 2019.10.23)  14 APR 2020 19:52
entering extended mode
 restricted \write18 enabled.
 %&-line parsing enabled.
**manuscript_jrefe.tex
(./manuscript_jrefe.tex
LaTeX2e <2018-12-01>
(/usr/share/texlive/texmf-dist/tex/latex/base/article.cls
Document Class: article 2018/09/03 v1.4i Standard LaTeX document class
(/usr/share/texlive/texmf-dist/tex/latex/base/size10.clo
File: size10.clo 2018/09/03 v1.4i Standard LaTeX file (size option)
)
\c@part=\count80
\c@section=\count81
\c@subsection=\count82
\c@subsubsection=\count83
\c@paragraph=\count84
\c@subparagraph=\count85
\c@figure=\count86
\c@table=\count87
\abovecaptionskip=\skip41
\belowcaptionskip=\skip42
\bibindent=\dimen102
)
(/usr/share/texmf/tex/latex/lm/lmodern.sty
Package: lmodern 2009/10/30 v1.6 Latin Modern Fonts
LaTeX Font Info:    Overwriting symbol font `operators' in version `normal'
(Font)                  OT1/cmr/m/n --> OT1/lmr/m/n on input line 22.
LaTeX Font Info:    Overwriting symbol font `letters' in version `normal'
(Font)                  OML/cmm/m/it --> OML/lmm/m/it on input line 23.
LaTeX Font Info:    Overwriting symbol font `symbols' in version `normal'
(Font)                  OMS/cmsy/m/n --> OMS/lmsy/m/n on input line 24.
LaTeX Font Info:    Overwriting symbol font `largesymbols' in version `normal'
(Font)                  OMX/cmex/m/n --> OMX/lmex/m/n on input line 25.
LaTeX Font Info:    Overwriting symbol font `operators' in version `bold'
(Font)                  OT1/cmr/bx/n --> OT1/lmr/bx/n on input line 26.
LaTeX Font Info:    Overwriting symbol font `letters' in version `bold'
(Font)                  OML/cmm/b/it --> OML/lmm/b/it on input line 27.
LaTeX Font Info:    Overwriting symbol font `symbols' in version `bold'
(Font)                  OMS/cmsy/b/n --> OMS/lmsy/b/n on input line 28.
LaTeX Font Info:    Overwriting symbol font `largesymbols' in version `bold'
(Font)                  OMX/cmex/m/n --> OMX/lmex/m/n on input line 29.
LaTeX Font Info:    Overwriting math alphabet `\mathbf' in version `normal'
(Font)                  OT1/cmr/bx/n --> OT1/lmr/bx/n on input line 31.
LaTeX Font Info:    Overwriting math alphabet `\mathsf' in version `normal'
(Font)                  OT1/cmss/m/n --> OT1/lmss/m/n on input line 32.
LaTeX Font Info:    Overwriting math alphabet `\mathit' in version `normal'
(Font)                  OT1/cmr/m/it --> OT1/lmr/m/it on input line 33.
LaTeX Font Info:    Overwriting math alphabet `\mathtt' in version `normal'
(Font)                  OT1/cmtt/m/n --> OT1/lmtt/m/n on input line 34.
LaTeX Font Info:    Overwriting math alphabet `\mathbf' in version `bold'
(Font)                  OT1/cmr/bx/n --> OT1/lmr/bx/n on input line 35.
LaTeX Font Info:    Overwriting math alphabet `\mathsf' in version `bold'
(Font)                  OT1/cmss/bx/n --> OT1/lmss/bx/n on input line 36.
LaTeX Font Info:    Overwriting math alphabet `\mathit' in version `bold'
(Font)                  OT1/cmr/bx/it --> OT1/lmr/bx/it on input line 37.
LaTeX Font Info:    Overwriting math alphabet `\mathtt' in version `bold'
(Font)                  OT1/cmtt/m/n --> OT1/lmtt/m/n on input line 38.
)
(/usr/share/texlive/texmf-dist/tex/latex/amsfonts/amssymb.sty
Package: amssymb 2013/01/14 v3.01 AMS font symbols

(/usr/share/texlive/texmf-dist/tex/latex/amsfonts/amsfonts.sty
Package: amsfonts 2013/01/14 v3.01 Basic AMSFonts support
\@emptytoks=\toks14
\symAMSa=\mathgroup4
\symAMSb=\mathgroup5
LaTeX Font Info:    Overwriting math alphabet `\mathfrak' in version `bold'
(Font)                  U/euf/m/n --> U/euf/b/n on input line 106.
))
(/usr/share/texlive/texmf-dist/tex/latex/amsmath/amsmath.sty
Package: amsmath 2018/12/01 v2.17b AMS math features
\@mathmargin=\skip43

For additional information on amsmath, use the `?' option.
(/usr/share/texlive/texmf-dist/tex/latex/amsmath/amstext.sty
Package: amstext 2000/06/29 v2.01 AMS text

(/usr/share/texlive/texmf-dist/tex/latex/amsmath/amsgen.sty
File: amsgen.sty 1999/11/30 v2.0 generic functions
\@emptytoks=\toks15
\ex@=\dimen103
))
(/usr/share/texlive/texmf-dist/tex/latex/amsmath/amsbsy.sty
Package: amsbsy 1999/11/29 v1.2d Bold Symbols
\pmbraise@=\dimen104
)
(/usr/share/texlive/texmf-dist/tex/latex/amsmath/amsopn.sty
Package: amsopn 2016/03/08 v2.02 operator names
)
\inf@bad=\count88
LaTeX Info: Redefining \frac on input line 223.
\uproot@=\count89
\leftroot@=\count90
LaTeX Info: Redefining \overline on input line 385.
\classnum@=\count91
\DOTSCASE@=\count92
LaTeX Info: Redefining \ldots on input line 482.
LaTeX Info: Redefining \dots on input line 485.
LaTeX Info: Redefining \cdots on input line 606.
\Mathstrutbox@=\box27
\strutbox@=\box28
\big@size=\dimen105
LaTeX Font Info:    Redeclaring font encoding OML on input line 729.
LaTeX Font Info:    Redeclaring font encoding OMS on input line 730.
\macc@depth=\count93
\c@MaxMatrixCols=\count94
\dotsspace@=\muskip10
\c@parentequation=\count95
\dspbrk@lvl=\count96
\tag@help=\toks16
\row@=\count97
\column@=\count98
\maxfields@=\count99
\andhelp@=\toks17
\eqnshift@=\dimen106
\alignsep@=\dimen107
\tagshift@=\dimen108
\tagwidth@=\dimen109
\totwidth@=\dimen110
\lineht@=\dimen111
\@envbody=\toks18
\multlinegap=\skip44
\multlinetaggap=\skip45
\mathdisplay@stack=\toks19
LaTeX Info: Redefining \[ on input line 2844.
LaTeX Info: Redefining \] on input line 2845.
)
(/usr/share/texlive/texmf-dist/tex/generic/ifxetex/ifxetex.sty
Package: ifxetex 2010/09/12 v0.6 Provides ifxetex conditional
)
(/usr/share/texlive/texmf-dist/tex/generic/oberdiek/ifluatex.sty
Package: ifluatex 2016/05/16 v1.4 Provides the ifluatex switch (HO)
Package ifluatex Info: LuaTeX not detected.
)
(/usr/share/texlive/texmf-dist/tex/latex/base/fixltx2e.sty
Package: fixltx2e 2016/12/29 v2.1a fixes to LaTeX (obsolete)
Applying: [2015/01/01] Old fixltx2e package on input line 46.


Package fixltx2e Warning: fixltx2e is not required with releases after 2015
(fixltx2e)                All fixes are now in the LaTeX kernel.
(fixltx2e)                See the latexrelease package for details.

Already applied: [0000/00/00] Old fixltx2e package on input line 53.
) (/usr/share/texlive/texmf-dist/tex/latex/base/fontenc.sty
Package: fontenc 2018/08/11 v2.0j Standard LaTeX package

(/usr/share/texlive/texmf-dist/tex/latex/base/t1enc.def
File: t1enc.def 2018/08/11 v2.0j Standard LaTeX file
LaTeX Font Info:    Redeclaring font encoding T1 on input line 48.
))
(/usr/share/texlive/texmf-dist/tex/latex/base/inputenc.sty
Package: inputenc 2018/08/11 v1.3c Input encoding file
\inpenc@prehook=\toks20
\inpenc@posthook=\toks21
)
(/usr/share/texlive/texmf-dist/tex/latex/base/textcomp.sty
Package: textcomp 2018/08/11 v2.0j Standard LaTeX package
Package textcomp Info: Sub-encoding information:
(textcomp)               5 = only ISO-Adobe without \textcurrency
(textcomp)               4 = 5 + \texteuro
(textcomp)               3 = 4 + \textohm
(textcomp)               2 = 3 + \textestimated + \textcurrency
(textcomp)               1 = TS1 - \textcircled - \t
(textcomp)               0 = TS1 (full)
(textcomp)             Font families with sub-encoding setting implement
(textcomp)             only a restricted character set as indicated.
(textcomp)             Family '?' is the default used for unknown fonts.
(textcomp)             See the documentation for details.
Package textcomp Info: Setting ? sub-encoding to TS1/1 on input line 79.

(/usr/share/texlive/texmf-dist/tex/latex/base/ts1enc.def
File: ts1enc.def 2001/06/05 v3.0e (jk/car/fm) Standard LaTeX file
Now handling font encoding TS1 ...
... processing UTF-8 mapping file for font encoding TS1

(/usr/share/texlive/texmf-dist/tex/latex/base/ts1enc.dfu
File: ts1enc.dfu 2018/10/05 v1.2f UTF-8 support for inputenc
   defining Unicode char U+00A2 (decimal 162)
   defining Unicode char U+00A3 (decimal 163)
   defining Unicode char U+00A4 (decimal 164)
   defining Unicode char U+00A5 (decimal 165)
   defining Unicode char U+00A6 (decimal 166)
   defining Unicode char U+00A7 (decimal 167)
   defining Unicode char U+00A8 (decimal 168)
   defining Unicode char U+00A9 (decimal 169)
   defining Unicode char U+00AA (decimal 170)
   defining Unicode char U+00AC (decimal 172)
   defining Unicode char U+00AE (decimal 174)
   defining Unicode char U+00AF (decimal 175)
   defining Unicode char U+00B0 (decimal 176)
   defining Unicode char U+00B1 (decimal 177)
   defining Unicode char U+00B2 (decimal 178)
   defining Unicode char U+00B3 (decimal 179)
   defining Unicode char U+00B4 (decimal 180)
   defining Unicode char U+00B5 (decimal 181)
   defining Unicode char U+00B6 (decimal 182)
   defining Unicode char U+00B7 (decimal 183)
   defining Unicode char U+00B9 (decimal 185)
   defining Unicode char U+00BA (decimal 186)
   defining Unicode char U+00BC (decimal 188)
   defining Unicode char U+00BD (decimal 189)
   defining Unicode char U+00BE (decimal 190)
   defining Unicode char U+00D7 (decimal 215)
   defining Unicode char U+00F7 (decimal 247)
   defining Unicode char U+0192 (decimal 402)
   defining Unicode char U+02C7 (decimal 711)
   defining Unicode char U+02D8 (decimal 728)
   defining Unicode char U+02DD (decimal 733)
   defining Unicode char U+0E3F (decimal 3647)
   defining Unicode char U+2016 (decimal 8214)
   defining Unicode char U+2020 (decimal 8224)
   defining Unicode char U+2021 (decimal 8225)
   defining Unicode char U+2022 (decimal 8226)
   defining Unicode char U+2030 (decimal 8240)
   defining Unicode char U+2031 (decimal 8241)
   defining Unicode char U+203B (decimal 8251)
   defining Unicode char U+203D (decimal 8253)
   defining Unicode char U+2044 (decimal 8260)
   defining Unicode char U+204E (decimal 8270)
   defining Unicode char U+2052 (decimal 8274)
   defining Unicode char U+20A1 (decimal 8353)
   defining Unicode char U+20A4 (decimal 8356)
   defining Unicode char U+20A6 (decimal 8358)
   defining Unicode char U+20A9 (decimal 8361)
   defining Unicode char U+20AB (decimal 8363)
   defining Unicode char U+20AC (decimal 8364)
   defining Unicode char U+20B1 (decimal 8369)
   defining Unicode char U+2103 (decimal 8451)
   defining Unicode char U+2116 (decimal 8470)
   defining Unicode char U+2117 (decimal 8471)
   defining Unicode char U+211E (decimal 8478)
   defining Unicode char U+2120 (decimal 8480)
   defining Unicode char U+2122 (decimal 8482)
   defining Unicode char U+2126 (decimal 8486)
   defining Unicode char U+2127 (decimal 8487)
   defining Unicode char U+212E (decimal 8494)
   defining Unicode char U+2190 (decimal 8592)
   defining Unicode char U+2191 (decimal 8593)
   defining Unicode char U+2192 (decimal 8594)
   defining Unicode char U+2193 (decimal 8595)
   defining Unicode char U+2329 (decimal 9001)
   defining Unicode char U+232A (decimal 9002)
   defining Unicode char U+2422 (decimal 9250)
   defining Unicode char U+25E6 (decimal 9702)
   defining Unicode char U+25EF (decimal 9711)
   defining Unicode char U+266A (decimal 9834)
   defining Unicode char U+FEFF (decimal 65279)
))
LaTeX Info: Redefining \oldstylenums on input line 334.
Package textcomp Info: Setting cmr sub-encoding to TS1/0 on input line 349.
Package textcomp Info: Setting cmss sub-encoding to TS1/0 on input line 350.
Package textcomp Info: Setting cmtt sub-encoding to TS1/0 on input line 351.
Package textcomp Info: Setting cmvtt sub-encoding to TS1/0 on input line 352.
Package textcomp Info: Setting cmbr sub-encoding to TS1/0 on input line 353.
Package textcomp Info: Setting cmtl sub-encoding to TS1/0 on input line 354.
Package textcomp Info: Setting ccr sub-encoding to TS1/0 on input line 355.
Package textcomp Info: Setting ptm sub-encoding to TS1/4 on input line 356.
Package textcomp Info: Setting pcr sub-encoding to TS1/4 on input line 357.
Package textcomp Info: Setting phv sub-encoding to TS1/4 on input line 358.
Package textcomp Info: Setting ppl sub-encoding to TS1/3 on input line 359.
Package textcomp Info: Setting pag sub-encoding to TS1/4 on input line 360.
Package textcomp Info: Setting pbk sub-encoding to TS1/4 on input line 361.
Package textcomp Info: Setting pnc sub-encoding to TS1/4 on input line 362.
Package textcomp Info: Setting pzc sub-encoding to TS1/4 on input line 363.
Package textcomp Info: Setting bch sub-encoding to TS1/4 on input line 364.
Package textcomp Info: Setting put sub-encoding to TS1/5 on input line 365.
Package textcomp Info: Setting uag sub-encoding to TS1/5 on input line 366.
Package textcomp Info: Setting ugq sub-encoding to TS1/5 on input line 367.
Package textcomp Info: Setting ul8 sub-encoding to TS1/4 on input line 368.
Package textcomp Info: Setting ul9 sub-encoding to TS1/4 on input line 369.
Package textcomp Info: Setting augie sub-encoding to TS1/5 on input line 370.
Package textcomp Info: Setting dayrom sub-encoding to TS1/3 on input line 371.
Package textcomp Info: Setting dayroms sub-encoding to TS1/3 on input line 372.

Package textcomp Info: Setting pxr sub-encoding to TS1/0 on input line 373.
Package textcomp Info: Setting pxss sub-encoding to TS1/0 on input line 374.
Package textcomp Info: Setting pxtt sub-encoding to TS1/0 on input line 375.
Package textcomp Info: Setting txr sub-encoding to TS1/0 on input line 376.
Package textcomp Info: Setting txss sub-encoding to TS1/0 on input line 377.
Package textcomp Info: Setting txtt sub-encoding to TS1/0 on input line 378.
Package textcomp Info: Setting lmr sub-encoding to TS1/0 on input line 379.
Package textcomp Info: Setting lmdh sub-encoding to TS1/0 on input line 380.
Package textcomp Info: Setting lmss sub-encoding to TS1/0 on input line 381.
Package textcomp Info: Setting lmssq sub-encoding to TS1/0 on input line 382.
Package textcomp Info: Setting lmvtt sub-encoding to TS1/0 on input line 383.
Package textcomp Info: Setting lmtt sub-encoding to TS1/0 on input line 384.
Package textcomp Info: Setting qhv sub-encoding to TS1/0 on input line 385.
Package textcomp Info: Setting qag sub-encoding to TS1/0 on input line 386.
Package textcomp Info: Setting qbk sub-encoding to TS1/0 on input line 387.
Package textcomp Info: Setting qcr sub-encoding to TS1/0 on input line 388.
Package textcomp Info: Setting qcs sub-encoding to TS1/0 on input line 389.
Package textcomp Info: Setting qpl sub-encoding to TS1/0 on input line 390.
Package textcomp Info: Setting qtm sub-encoding to TS1/0 on input line 391.
Package textcomp Info: Setting qzc sub-encoding to TS1/0 on input line 392.
Package textcomp Info: Setting qhvc sub-encoding to TS1/0 on input line 393.
Package textcomp Info: Setting futs sub-encoding to TS1/4 on input line 394.
Package textcomp Info: Setting futx sub-encoding to TS1/4 on input line 395.
Package textcomp Info: Setting futj sub-encoding to TS1/4 on input line 396.
Package textcomp Info: Setting hlh sub-encoding to TS1/3 on input line 397.
Package textcomp Info: Setting hls sub-encoding to TS1/3 on input line 398.
Package textcomp Info: Setting hlst sub-encoding to TS1/3 on input line 399.
Package textcomp Info: Setting hlct sub-encoding to TS1/5 on input line 400.
Package textcomp Info: Setting hlx sub-encoding to TS1/5 on input line 401.
Package textcomp Info: Setting hlce sub-encoding to TS1/5 on input line 402.
Package textcomp Info: Setting hlcn sub-encoding to TS1/5 on input line 403.
Package textcomp Info: Setting hlcw sub-encoding to TS1/5 on input line 404.
Package textcomp Info: Setting hlcf sub-encoding to TS1/5 on input line 405.
Package textcomp Info: Setting pplx sub-encoding to TS1/3 on input line 406.
Package textcomp Info: Setting pplj sub-encoding to TS1/3 on input line 407.
Package textcomp Info: Setting ptmx sub-encoding to TS1/4 on input line 408.
Package textcomp Info: Setting ptmj sub-encoding to TS1/4 on input line 409.
)
(/usr/share/texlive/texmf-dist/tex/latex/upquote/upquote.sty
Package: upquote 2012/04/19 v1.3 upright-quote and grave-accent glyphs in verba
tim
)
(/usr/share/texlive/texmf-dist/tex/latex/microtype/microtype.sty
Package: microtype 2019/02/28 v2.7b Micro-typographical refinements (RS)

(/usr/share/texlive/texmf-dist/tex/latex/graphics/keyval.sty
Package: keyval 2014/10/28 v1.15 key=value parser (DPC)
\KV@toks@=\toks22
)
\MT@toks=\toks23
\MT@count=\count100
LaTeX Info: Redefining \textls on input line 790.
\MT@outer@kern=\dimen112
LaTeX Info: Redefining \textmicrotypecontext on input line 1336.
\MT@listname@count=\count101

(/usr/share/texlive/texmf-dist/tex/latex/microtype/microtype-pdftex.def
File: microtype-pdftex.def 2019/02/28 v2.7b Definitions specific to pdftex (RS)

LaTeX Info: Redefining \lsstyle on input line 914.
LaTeX Info: Redefining \lslig on input line 914.
\MT@outer@space=\skip46
)
Package microtype Info: Loading configuration file microtype.cfg.

(/usr/share/texlive/texmf-dist/tex/latex/microtype/microtype.cfg
File: microtype.cfg 2019/02/28 v2.7b microtype main configuration file (RS)
))
(/usr/share/texlive/texmf-dist/tex/latex/parskip/parskip.sty
Package: parskip 2019-01-16 v2.0c non-zero parskip adjustments

(/usr/share/texlive/texmf-dist/tex/latex/oberdiek/kvoptions.sty
Package: kvoptions 2016/05/16 v3.12 Key value format for package options (HO)

(/usr/share/texlive/texmf-dist/tex/generic/oberdiek/ltxcmds.sty
Package: ltxcmds 2016/05/16 v1.23 LaTeX kernel commands for general use (HO)
)
(/usr/share/texlive/texmf-dist/tex/generic/oberdiek/kvsetkeys.sty
Package: kvsetkeys 2016/05/16 v1.17 Key value parser (HO)

(/usr/share/texlive/texmf-dist/tex/generic/oberdiek/infwarerr.sty
Package: infwarerr 2016/05/16 v1.4 Providing info/warning/error messages (HO)
)
(/usr/share/texlive/texmf-dist/tex/generic/oberdiek/etexcmds.sty
Package: etexcmds 2016/05/16 v1.6 Avoid name clashes with e-TeX commands (HO)
)))
(/usr/share/texlive/texmf-dist/tex/latex/etoolbox/etoolbox.sty
Package: etoolbox 2018/08/19 v2.5f e-TeX tools for LaTeX (JAW)
\etb@tempcnta=\count102
))
(/usr/share/texlive/texmf-dist/tex/latex/hyperref/hyperref.sty
Package: hyperref 2018/11/30 v6.88e Hypertext links for LaTeX

(/usr/share/texlive/texmf-dist/tex/generic/oberdiek/hobsub-hyperref.sty
Package: hobsub-hyperref 2016/05/16 v1.14 Bundle oberdiek, subset hyperref (HO)


(/usr/share/texlive/texmf-dist/tex/generic/oberdiek/hobsub-generic.sty
Package: hobsub-generic 2016/05/16 v1.14 Bundle oberdiek, subset generic (HO)
Package: hobsub 2016/05/16 v1.14 Construct package bundles (HO)
Package hobsub Info: Skipping package `infwarerr' (already loaded).
Package hobsub Info: Skipping package `ltxcmds' (already loaded).
Package hobsub Info: Skipping package `ifluatex' (already loaded).
Package: ifvtex 2016/05/16 v1.6 Detect VTeX and its facilities (HO)
Package ifvtex Info: VTeX not detected.
Package: intcalc 2016/05/16 v1.2 Expandable calculations with integers (HO)
Package: ifpdf 2018/09/07 v3.3 Provides the ifpdf switch
Package hobsub Info: Skipping package `etexcmds' (already loaded).
Package hobsub Info: Skipping package `kvsetkeys' (already loaded).
Package: kvdefinekeys 2016/05/16 v1.4 Define keys (HO)
Package: pdftexcmds 2018/09/10 v0.29 Utility functions of pdfTeX for LuaTeX (HO
)
Package pdftexcmds Info: LuaTeX not detected.
Package pdftexcmds Info: \pdf@primitive is available.
Package pdftexcmds Info: \pdf@ifprimitive is available.
Package pdftexcmds Info: \pdfdraftmode found.
Package: pdfescape 2016/05/16 v1.14 Implements pdfTeX's escape features (HO)
Package: bigintcalc 2016/05/16 v1.4 Expandable calculations on big integers (HO
)
Package: bitset 2016/05/16 v1.2 Handle bit-vector datatype (HO)
Package: uniquecounter 2016/05/16 v1.3 Provide unlimited unique counter (HO)
)
Package hobsub Info: Skipping package `hobsub' (already loaded).
Package: letltxmacro 2016/05/16 v1.5 Let assignment for LaTeX macros (HO)
Package: hopatch 2016/05/16 v1.3 Wrapper for package hooks (HO)
Package: xcolor-patch 2016/05/16 xcolor patch
Package: atveryend 2016/05/16 v1.9 Hooks at the very end of document (HO)
Package: atbegshi 2016/06/09 v1.18 At begin shipout hook (HO)
Package: refcount 2016/05/16 v3.5 Data extraction from label references (HO)
Package: hycolor 2016/05/16 v1.8 Color options for hyperref/bookmark (HO)
)
(/usr/share/texlive/texmf-dist/tex/latex/oberdiek/auxhook.sty
Package: auxhook 2016/05/16 v1.4 Hooks for auxiliary files (HO)
)
\@linkdim=\dimen113
\Hy@linkcounter=\count103
\Hy@pagecounter=\count104

(/usr/share/texlive/texmf-dist/tex/latex/hyperref/pd1enc.def
File: pd1enc.def 2018/11/30 v6.88e Hyperref: PDFDocEncoding definition (HO)
Now handling font encoding PD1 ...
... no UTF-8 mapping file for font encoding PD1
)
\Hy@SavedSpaceFactor=\count105

(/usr/share/texlive/texmf-dist/tex/latex/latexconfig/hyperref.cfg
File: hyperref.cfg 2002/06/06 v1.2 hyperref configuration of TeXLive
)
Package hyperref Info: Option `unicode' set `true' on input line 4393.

(/usr/share/texlive/texmf-dist/tex/latex/hyperref/puenc.def
File: puenc.def 2018/11/30 v6.88e Hyperref: PDF Unicode definition (HO)
Now handling font encoding PU ...
... no UTF-8 mapping file for font encoding PU
)
Package hyperref Info: Hyper figures OFF on input line 4519.
Package hyperref Info: Link nesting OFF on input line 4524.
Package hyperref Info: Hyper index ON on input line 4527.
Package hyperref Info: Plain pages OFF on input line 4534.
Package hyperref Info: Backreferencing OFF on input line 4539.
Package hyperref Info: Implicit mode ON; LaTeX internals redefined.
Package hyperref Info: Bookmarks ON on input line 4772.
\c@Hy@tempcnt=\count106

(/usr/share/texlive/texmf-dist/tex/latex/url/url.sty
\Urlmuskip=\muskip11
Package: url 2013/09/16  ver 3.4  Verb mode for urls, etc.
)
LaTeX Info: Redefining \url on input line 5125.
\XeTeXLinkMargin=\dimen114
\Fld@menulength=\count107
\Field@Width=\dimen115
\Fld@charsize=\dimen116
Package hyperref Info: Hyper figures OFF on input line 6380.
Package hyperref Info: Link nesting OFF on input line 6385.
Package hyperref Info: Hyper index ON on input line 6388.
Package hyperref Info: backreferencing OFF on input line 6395.
Package hyperref Info: Link coloring OFF on input line 6400.
Package hyperref Info: Link coloring with OCG OFF on input line 6405.
Package hyperref Info: PDF/A mode OFF on input line 6410.
LaTeX Info: Redefining \ref on input line 6450.
LaTeX Info: Redefining \pageref on input line 6454.
\Hy@abspage=\count108
\c@Item=\count109
\c@Hfootnote=\count110
)
Package hyperref Info: Driver (autodetected): hpdftex.

(/usr/share/texlive/texmf-dist/tex/latex/hyperref/hpdftex.def
File: hpdftex.def 2018/11/30 v6.88e Hyperref driver for pdfTeX
\Fld@listcount=\count111
\c@bookmark@seq@number=\count112

(/usr/share/texlive/texmf-dist/tex/latex/oberdiek/rerunfilecheck.sty
Package: rerunfilecheck 2016/05/16 v1.8 Rerun checks for auxiliary files (HO)
Package uniquecounter Info: New unique counter `rerunfilecheck' on input line 2
82.
)
\Hy@SectionHShift=\skip47
)
Package hyperref Info: Option `breaklinks' set `true' on input line 35.

(/usr/share/texlive/texmf-dist/tex/latex/soul/soul.sty
Package: soul 2003/11/17 v2.4 letterspacing/underlining (mf)
\SOUL@word=\toks24
\SOUL@lasttoken=\toks25
\SOUL@cmds=\toks26
\SOUL@buffer=\toks27
\SOUL@token=\toks28
\SOUL@spaceskip=\skip48
\SOUL@ttwidth=\dimen117
\SOUL@uldp=\dimen118
\SOUL@ulht=\dimen119
)
(/usr/share/texlive/texmf-dist/tex/latex/graphics/color.sty
Package: color 2016/07/10 v1.1e Standard LaTeX Color (DPC)

(/usr/share/texlive/texmf-dist/tex/latex/graphics-cfg/color.cfg
File: color.cfg 2016/01/02 v1.6 sample color configuration
)
Package color Info: Driver file: pdftex.def on input line 147.

(/usr/share/texlive/texmf-dist/tex/latex/graphics-def/pdftex.def
File: pdftex.def 2018/01/08 v1.0l Graphics/color driver for pdftex
))
(/usr/share/texlive/texmf-dist/tex/latex/float/float.sty
Package: float 2001/11/08 v1.3d Float enhancements (AL)
\c@float@type=\count113
\float@exts=\toks29
\float@box=\box29
\@float@everytoks=\toks30
\@floatcapt=\box30
)
(/usr/share/texlive/texmf-dist/tex/latex/booktabs/booktabs.sty
Package: booktabs 2016/04/27 v1.618033 publication quality tables
\heavyrulewidth=\dimen120
\lightrulewidth=\dimen121
\cmidrulewidth=\dimen122
\belowrulesep=\dimen123
\belowbottomsep=\dimen124
\aboverulesep=\dimen125
\abovetopsep=\dimen126
\cmidrulesep=\dimen127
\cmidrulekern=\dimen128
\defaultaddspace=\dimen129
\@cmidla=\count114
\@cmidlb=\count115
\@aboverulesep=\dimen130
\@belowrulesep=\dimen131
\@thisruleclass=\count116
\@lastruleclass=\count117
\@thisrulewidth=\dimen132
)
(/usr/share/texlive/texmf-dist/tex/latex/graphics/graphicx.sty
Package: graphicx 2017/06/01 v1.1a Enhanced LaTeX Graphics (DPC,SPQR)

(/usr/share/texlive/texmf-dist/tex/latex/graphics/graphics.sty
Package: graphics 2017/06/25 v1.2c Standard LaTeX Graphics (DPC,SPQR)

(/usr/share/texlive/texmf-dist/tex/latex/graphics/trig.sty
Package: trig 2016/01/03 v1.10 sin cos tan (DPC)
)
(/usr/share/texlive/texmf-dist/tex/latex/graphics-cfg/graphics.cfg
File: graphics.cfg 2016/06/04 v1.11 sample graphics configuration
)
Package graphics Info: Driver file: pdftex.def on input line 99.
)
\Gin@req@height=\dimen133
\Gin@req@width=\dimen134
)
(/usr/share/texlive/texmf-dist/tex/latex/oberdiek/grffile.sty
Package: grffile 2017/06/30 v1.18 Extended file name support for graphics (HO)
Package grffile Info: Option `multidot' is set to `true'.
Package grffile Info: Option `extendedchars' is set to `false'.
Package grffile Info: Option `space' is set to `true'.
Package grffile Info: \Gin@ii of package `graphicx' fixed on input line 494.
)
(/usr/share/texlive/texmf-dist/tex/latex/tools/bm.sty
Package: bm 2017/01/16 v1.2c Bold Symbol Support (DPC/FMi)
\symboldoperators=\mathgroup6
\symboldletters=\mathgroup7
\symboldsymbols=\mathgroup8
LaTeX Font Info:    Redeclaring math alphabet \mathbf on input line 141.
LaTeX Info: Redefining \bm on input line 207.
)
(/usr/share/texlive/texmf-dist/tex/latex/setspace/setspace.sty
Package: setspace 2011/12/19 v6.7a set line spacing
)
(/usr/share/texlive/texmf-dist/tex/latex/multirow/multirow.sty
Package: multirow 2019/05/31 v2.5 Span multiple rows of a table
\multirow@colwidth=\skip49
\multirow@cntb=\count118
\multirow@dima=\skip50
\bigstrutjot=\dimen135
)
(/usr/share/texlive/texmf-dist/tex/latex/biblatex/biblatex.sty
Package: biblatex 2018/11/02 v3.12 programmable bibliographies (PK/MW)

(/usr/share/texlive/texmf-dist/tex/latex/logreq/logreq.sty
Package: logreq 2010/08/04 v1.0 xml request logger
\lrq@indent=\count119

(/usr/share/texlive/texmf-dist/tex/latex/logreq/logreq.def
File: logreq.def 2010/08/04 v1.0 logreq spec v1.0
))
(/usr/share/texlive/texmf-dist/tex/latex/base/ifthen.sty
Package: ifthen 2014/09/29 v1.1c Standard LaTeX ifthen package (DPC)
)
\c@tabx@nest=\count120
\c@listtotal=\count121
\c@listcount=\count122
\c@liststart=\count123
\c@liststop=\count124
\c@citecount=\count125
\c@citetotal=\count126
\c@multicitecount=\count127
\c@multicitetotal=\count128
\c@instcount=\count129
\c@maxnames=\count130
\c@minnames=\count131
\c@maxitems=\count132
\c@minitems=\count133
\c@citecounter=\count134
\c@maxcitecounter=\count135
\c@savedcitecounter=\count136
\c@uniquelist=\count137
\c@uniquename=\count138
\c@refsection=\count139
\c@refsegment=\count140
\c@maxextratitle=\count141
\c@maxextratitleyear=\count142
\c@maxextraname=\count143
\c@maxextradate=\count144
\c@maxextraalpha=\count145
\c@abbrvpenalty=\count146
\c@highnamepenalty=\count147
\c@lownamepenalty=\count148
\c@maxparens=\count149
\c@parenlevel=\count150
\blx@tempcnta=\count151
\blx@tempcntb=\count152
\blx@tempcntc=\count153
\blx@maxsection=\count154
\blx@maxsegment@0=\count155
\blx@notetype=\count156
\blx@parenlevel@text=\count157
\blx@parenlevel@foot=\count158
\blx@sectionciteorder@0=\count159
\blx@entrysetcounter=\count160
\labelnumberwidth=\skip51
\labelalphawidth=\skip52
\biblabelsep=\skip53
\bibitemsep=\skip54
\bibnamesep=\skip55
\bibinitsep=\skip56
\bibparsep=\skip57
\bibhang=\skip58
\blx@bcfin=\read1
\blx@bcfout=\write3
\c@mincomprange=\count161
\c@maxcomprange=\count162
\c@mincompwidth=\count163
Package biblatex Info: Trying to load biblatex default data model...
Package biblatex Info: ... file 'blx-dm.def' found.

(/usr/share/texlive/texmf-dist/tex/latex/biblatex/blx-dm.def
File: blx-dm.def 2018/11/02 v3.12 biblatex localization (PK/MW)
)
Package biblatex Info: Trying to load biblatex style data model...
Package biblatex Info: ... file 'authoryear.dbx' not found.
Package biblatex Info: Trying to load biblatex custom data model...
Package biblatex Info: ... file 'biblatex-dm.cfg' not found.
\c@afterword=\count164
\c@savedafterword=\count165
\c@annotator=\count166
\c@savedannotator=\count167
\c@author=\count168
\c@savedauthor=\count169
\c@bookauthor=\count170
\c@savedbookauthor=\count171
\c@commentator=\count172
\c@savedcommentator=\count173
\c@editor=\count174
\c@savededitor=\count175
\c@editora=\count176
\c@savededitora=\count177
\c@editorb=\count178
\c@savededitorb=\count179
\c@editorc=\count180
\c@savededitorc=\count181
\c@foreword=\count182
\c@savedforeword=\count183
\c@holder=\count184
\c@savedholder=\count185
\c@introduction=\count186
\c@savedintroduction=\count187
\c@namea=\count188
\c@savednamea=\count189
\c@nameb=\count190
\c@savednameb=\count191
\c@namec=\count192
\c@savednamec=\count193
\c@translator=\count194
\c@savedtranslator=\count195
\c@shortauthor=\count196
\c@savedshortauthor=\count197
\c@shorteditor=\count198
\c@savedshorteditor=\count199
\c@labelname=\count266
\c@savedlabelname=\count267
\c@institution=\count268
\c@savedinstitution=\count269
\c@lista=\count270
\c@savedlista=\count271
\c@listb=\count272
\c@savedlistb=\count273
\c@listc=\count274
\c@savedlistc=\count275
\c@listd=\count276
\c@savedlistd=\count277
\c@liste=\count278
\c@savedliste=\count279
\c@listf=\count280
\c@savedlistf=\count281
\c@location=\count282
\c@savedlocation=\count283
\c@organization=\count284
\c@savedorganization=\count285
\c@origlocation=\count286
\c@savedoriglocation=\count287
\c@origpublisher=\count288
\c@savedorigpublisher=\count289
\c@publisher=\count290
\c@savedpublisher=\count291
\c@language=\count292
\c@savedlanguage=\count293
\c@origlanguage=\count294
\c@savedoriglanguage=\count295
\c@pageref=\count296
\c@savedpageref=\count297
\shorthandwidth=\skip59
\shortjournalwidth=\skip60
\shortserieswidth=\skip61
\shorttitlewidth=\skip62
\shortauthorwidth=\skip63
\shorteditorwidth=\skip64
\locallabelnumberwidth=\skip65
\locallabelalphawidth=\skip66
\localshorthandwidth=\skip67
\localshortjournalwidth=\skip68
\localshortserieswidth=\skip69
\localshorttitlewidth=\skip70
\localshortauthorwidth=\skip71
\localshorteditorwidth=\skip72
Package biblatex Info: Trying to load compatibility code...
Package biblatex Info: ... file 'blx-compat.def' found.

(/usr/share/texlive/texmf-dist/tex/latex/biblatex/blx-compat.def
File: blx-compat.def 2018/11/02 v3.12 biblatex compatibility (PK/MW)
)
Package biblatex Info: Trying to load BibTeX backend compatibility...
Package biblatex Info: ... file 'blx-bibtex.def' found.

(/usr/share/texlive/texmf-dist/tex/latex/biblatex/blx-bibtex.def
File: blx-bibtex.def 2018/11/02 v3.12 biblatex compatibility (PK/MW)


Package biblatex Warning: Using fall-back BibTeX(8) backend:
(biblatex)                functionality may be reduced/unavailable.

)
Package biblatex Info: Trying to load generic definitions...
Package biblatex Info: ... file 'biblatex.def' found.
 (/usr/share/texlive/texmf-dist/tex/latex/biblatex/biblatex.def
File: biblatex.def 2018/11/02 v3.12 biblatex compatibility (PK/MW)
\c@textcitecount=\count298
\c@textcitetotal=\count299
\c@textcitemaxnames=\count300
\c@biburlnumpenalty=\count301
\c@biburlucpenalty=\count302
\c@biburllcpenalty=\count303
\c@smartand=\count304
)
Package biblatex Info: Trying to load bibliography style 'authoryear'...
Package biblatex Info: ... file 'authoryear.bbx' found.

(/usr/share/texlive/texmf-dist/tex/latex/biblatex/bbx/authoryear.bbx
File: authoryear.bbx 2018/11/02 v3.12 biblatex bibliography style (PK/MW)
Package biblatex Info: Trying to load bibliography style 'standard'...
Package biblatex Info: ... file 'standard.bbx' found.

(/usr/share/texlive/texmf-dist/tex/latex/biblatex/bbx/standard.bbx
File: standard.bbx 2018/11/02 v3.12 biblatex bibliography style (PK/MW)
\c@bbx:relatedcount=\count305
\c@bbx:relatedtotal=\count306
))
Package biblatex Info: Trying to load citation style 'authoryear'...
Package biblatex Info: ... file 'authoryear.cbx' found.

(/usr/share/texlive/texmf-dist/tex/latex/biblatex/cbx/authoryear.cbx
File: authoryear.cbx 2018/11/02 v3.12 biblatex citation style (PK/MW)
Package biblatex Info: Redefining '\cite'.
Package biblatex Info: Redefining '\parencite'.
Package biblatex Info: Redefining '\footcite'.
Package biblatex Info: Redefining '\footcitetext'.
Package biblatex Info: Redefining '\smartcite'.
Package biblatex Info: Redefining '\textcite'.
Package biblatex Info: Redefining '\textcites'.
)
Package biblatex Info: Trying to load configuration file...
Package biblatex Info: ... file 'biblatex.cfg' found.

(/usr/share/texlive/texmf-dist/tex/latex/biblatex/biblatex.cfg
File: biblatex.cfg 
))
Package biblatex Info: Trying to load language 'english'...
Package biblatex Info: ... file 'english.lbx' found.

(/usr/share/texlive/texmf-dist/tex/latex/biblatex/lbx/english.lbx
File: english.lbx 2018/11/02 v3.12 biblatex localization (PK/MW)
)
\@quotelevel=\count307
\@quotereset=\count308

(./manuscript_jrefe.aux)
\openout1 = `manuscript_jrefe.aux'.

LaTeX Font Info:    Checking defaults for OML/cmm/m/it on input line 77.
LaTeX Font Info:    ... okay on input line 77.
LaTeX Font Info:    Checking defaults for T1/cmr/m/n on input line 77.
LaTeX Font Info:    ... okay on input line 77.
LaTeX Font Info:    Checking defaults for OT1/cmr/m/n on input line 77.
LaTeX Font Info:    ... okay on input line 77.
LaTeX Font Info:    Checking defaults for OMS/cmsy/m/n on input line 77.
LaTeX Font Info:    ... okay on input line 77.
LaTeX Font Info:    Checking defaults for OMX/cmex/m/n on input line 77.
LaTeX Font Info:    ... okay on input line 77.
LaTeX Font Info:    Checking defaults for U/cmr/m/n on input line 77.
LaTeX Font Info:    ... okay on input line 77.
LaTeX Font Info:    Checking defaults for TS1/cmr/m/n on input line 77.
LaTeX Font Info:    Try loading font information for TS1+cmr on input line 77.

(/usr/share/texlive/texmf-dist/tex/latex/base/ts1cmr.fd
File: ts1cmr.fd 2014/09/29 v2.5h Standard LaTeX font definitions
)
LaTeX Font Info:    ... okay on input line 77.
LaTeX Font Info:    Checking defaults for PD1/pdf/m/n on input line 77.
LaTeX Font Info:    ... okay on input line 77.
LaTeX Font Info:    Checking defaults for PU/pdf/m/n on input line 77.
LaTeX Font Info:    ... okay on input line 77.
LaTeX Font Info:    Try loading font information for T1+lmr on input line 77.

(/usr/share/texmf/tex/latex/lm/t1lmr.fd
File: t1lmr.fd 2009/10/30 v1.6 Font defs for Latin Modern
)
LaTeX Info: Redefining \microtypecontext on input line 77.
Package microtype Info: Generating PDF output.
Package microtype Info: Character protrusion enabled (level 2).
Package microtype Info: Using protrusion set `basicmath'.
Package microtype Info: Automatic font expansion enabled (level 2),
(microtype)             stretch: 20, shrink: 20, step: 1, non-selected.
Package microtype Info: Using default expansion set `basictext'.
Package microtype Info: No adjustment of tracking.
Package microtype Info: No adjustment of interword spacing.
Package microtype Info: No adjustment of character kerning.

(/usr/share/texlive/texmf-dist/tex/latex/microtype/mt-cmr.cfg
File: mt-cmr.cfg 2013/05/19 v2.2 microtype config. file: Computer Modern Roman 
(RS)
)
\AtBeginShipoutBox=\box31
Package hyperref Info: Link coloring OFF on input line 77.

(/usr/share/texlive/texmf-dist/tex/latex/hyperref/nameref.sty
Package: nameref 2016/05/21 v2.44 Cross-referencing by name of section

(/usr/share/texlive/texmf-dist/tex/generic/oberdiek/gettitlestring.sty
Package: gettitlestring 2016/05/16 v1.5 Cleanup title references (HO)
)
\c@section@level=\count309
)
LaTeX Info: Redefining \ref on input line 77.
LaTeX Info: Redefining \pageref on input line 77.
LaTeX Info: Redefining \nameref on input line 77.

(./manuscript_jrefe.out) (./manuscript_jrefe.out)
\@outlinefile=\write4
\openout4 = `manuscript_jrefe.out'.


(/usr/share/texlive/texmf-dist/tex/context/base/mkii/supp-pdf.mkii
[Loading MPS to PDF converter (version 2006.09.02).]
\scratchcounter=\count310
\scratchdimen=\dimen136
\scratchbox=\box32
\nofMPsegments=\count311
\nofMParguments=\count312
\everyMPshowfont=\toks31
\MPscratchCnt=\count313
\MPscratchDim=\dimen137
\MPnumerator=\count314
\makeMPintoPDFobject=\count315
\everyMPtoPDFconversion=\toks32
) (/usr/share/texlive/texmf-dist/tex/latex/oberdiek/epstopdf-base.sty
Package: epstopdf-base 2016/05/15 v2.6 Base part for package epstopdf

(/usr/share/texlive/texmf-dist/tex/latex/oberdiek/grfext.sty
Package: grfext 2016/05/16 v1.2 Manage graphics extensions (HO)
)
Package epstopdf-base Info: Redefining graphics rule for `.eps' on input line 4
38.
Package grfext Info: Graphics extension search list:
(grfext)             [.pdf,.png,.jpg,.mps,.jpeg,.jbig2,.jb2,.PDF,.PNG,.JPG,.JPE
G,.JBIG2,.JB2,.eps]
(grfext)             \AppendGraphicsExtensions on input line 456.

(/usr/share/texlive/texmf-dist/tex/latex/latexconfig/epstopdf-sys.cfg
File: epstopdf-sys.cfg 2010/07/13 v1.3 Configuration of (r)epstopdf for TeX Liv
e
))
Package biblatex Info: Input encoding 'utf8' detected.
Package biblatex Info: Automatic encoding selection.
(biblatex)             Assuming data encoding 'utf8'.
Package biblatex Info: Input encoding 'utf8' specified.
Package biblatex Info: Data encoding 'utf8' specified.
(biblatex)             No need to reencode data.
\openout3 = `manuscript_jrefe-blx.bib'.

Package biblatex Info: Trying to load bibliographic data...
Package biblatex Info: ... file 'manuscript_jrefe.bbl' found.

(./manuscript_jrefe.bbl

Package biblatex Warning: BibTeX reported the following issues
(biblatex)                with 'Ahlfeldt2012':
(biblatex)                - Invalid format of field 'month'.


Package biblatex Warning: BibTeX reported the following issues
(biblatex)                with 'Nadai2016':
(biblatex)                - Invalid format of field 'month'.


Package biblatex Warning: BibTeX reported the following issues
(biblatex)                with 'Francke2017a':
(biblatex)                - Invalid format of field 'month'.


Package biblatex Warning: BibTeX reported the following issues
(biblatex)                with 'Glaeser2016':
(biblatex)                - Invalid format of field 'month'.


Package biblatex Warning: BibTeX reported the following issues
(biblatex)                with 'princecharles2014':
(biblatex)                - Invalid format of field 'month'.


Package biblatex Warning: BibTeX reported the following issues
(biblatex)                with 'Naik2016AER':
(biblatex)                - Invalid format of field 'month'.


Package biblatex Warning: BibTeX reported the following issues
(biblatex)                with 'economistlineofbeauty2018':
(biblatex)                - Invalid format of field 'month'.

)
Package biblatex Info: Reference section=0 on input line 77.
Package biblatex Info: Reference segment=0 on input line 77.
LaTeX Font Info:    Try loading font information for OT1+lmr on input line 79.
 (/usr/share/texmf/tex/latex/lm/ot1lmr.fd
File: ot1lmr.fd 2009/10/30 v1.6 Font defs for Latin Modern
)
LaTeX Font Info:    Try loading font information for OML+lmm on input line 79.

(/usr/share/texmf/tex/latex/lm/omllmm.fd
File: omllmm.fd 2009/10/30 v1.6 Font defs for Latin Modern
)
LaTeX Font Info:    Try loading font information for OMS+lmsy on input line 79.


(/usr/share/texmf/tex/latex/lm/omslmsy.fd
File: omslmsy.fd 2009/10/30 v1.6 Font defs for Latin Modern
)
LaTeX Font Info:    Try loading font information for OMX+lmex on input line 79.


(/usr/share/texmf/tex/latex/lm/omxlmex.fd
File: omxlmex.fd 2009/10/30 v1.6 Font defs for Latin Modern
)
LaTeX Font Info:    External font `lmex10' loaded for size
(Font)              <12> on input line 79.
LaTeX Font Info:    External font `lmex10' loaded for size
(Font)              <8> on input line 79.
LaTeX Font Info:    External font `lmex10' loaded for size
(Font)              <6> on input line 79.
LaTeX Font Info:    Try loading font information for U+msa on input line 79.

(/usr/share/texlive/texmf-dist/tex/latex/amsfonts/umsa.fd
File: umsa.fd 2013/01/14 v3.01 AMS symbols A
)
(/usr/share/texlive/texmf-dist/tex/latex/microtype/mt-msa.cfg
File: mt-msa.cfg 2006/02/04 v1.1 microtype config. file: AMS symbols (a) (RS)
)
LaTeX Font Info:    Try loading font information for U+msb on input line 79.

(/usr/share/texlive/texmf-dist/tex/latex/amsfonts/umsb.fd
File: umsb.fd 2013/01/14 v3.01 AMS symbols B
)
(/usr/share/texlive/texmf-dist/tex/latex/microtype/mt-msb.cfg
File: mt-msb.cfg 2005/06/01 v1.0 microtype config. file: AMS symbols (b) (RS)
)
Overfull \hbox (128.42816pt too wide) in paragraph at lines 79--79
 [][] 
 []

LaTeX Font Info:    External font `lmex10' loaded for size
(Font)              <10> on input line 96.
LaTeX Font Info:    External font `lmex10' loaded for size
(Font)              <7> on input line 96.
LaTeX Font Info:    External font `lmex10' loaded for size
(Font)              <5> on input line 96.
[1

{/var/lib/texmf/fonts/map/pdftex/updmap/pdftex.map}] [2] [3] [4] [5] [6]
[7]
LaTeX Font Info:    Try loading font information for TS1+lmr on input line 331.

 (/usr/share/texmf/tex/latex/lm/ts1lmr.fd
File: ts1lmr.fd 2009/10/30 v1.6 Font defs for Latin Modern
) [8] [9] [10] [11] [12]
Overfull \hbox (35.34438pt too wide) detected at line 518
[]\OML/lmm/m/it/10 ln\OT1/lmr/m/n/10 (\OML/lmm/m/it/10 Price[]\OT1/lmr/m/n/10 )
 = \OML/lmm/m/it/10  \OT1/lmr/m/n/10 + \OML/lmm/m/it/10 ^^L[] \OT1/lmr/m/n/10 
+ \OML/lmm/m/it/10 ^^N[][] \OT1/lmr/m/n/10 + \OML/lmm/m/it/10 ^^Q[][] \OT1/lmr/
m/n/10 + \OML/lmm/m/it/10 ^^S[][] \OT1/lmr/m/n/10 + \OML/lmm/m/it/10 ^^M\OT1/lm
r/bx/n/10 Y[] \OT1/lmr/m/n/10 + \OML/lmm/m/it/10 ^^U[][] \OT1/lmr/m/n/10 + \OML
/lmm/m/it/10 ^^O[]
 []

[13] [14]
Underfull \hbox (badness 3078) in paragraph at lines 599--599
[][]\T1/lmr/m/n/8 (+20) In this case, "faster rcnn in-cep-tion resnet v2 atrous
 oidv2", avail-able from
 []


Underfull \hbox (badness 10000) in paragraph at lines 599--599
[]$\T1/lmr/m/n/8 (+20) https : / / github . com / tensor^^]ow / models / blob /
 master / research / object _ detection / g3doc /
 []

[15] [16] [17] [18] [19] [20] [21]
<figures/84VineryRD.png, id=335, 2164.085pt x 1435.3625pt>
File: figures/84VineryRD.png Graphic file (type png)
<use figures/84VineryRD.png>
Package pdftex.def Info: figures/84VineryRD.png  used on input line 819.
(pdftex.def)             Requested size: 276.00105pt x 183.05557pt.
 [22

pdfTeX warning (ext4): destination with the same identifier (name{figure.1}) ha
s been already used, duplicate ignored

\AtBegShi@Output ...ipout \box \AtBeginShipoutBox 
                                                  \fi \fi 
l.828 \newpage
               <./figures/84VineryRd.png>]
<figures/fan.png, id=344, 304.9794pt x 211.0284pt>
File: figures/fan.png Graphic file (type png)
<use figures/fan.png>
Package pdftex.def Info: figures/fan.png  used on input line 833.
(pdftex.def)             Requested size: 276.00105pt x 190.98318pt.
 [23pdfTeX warning (ext4): destination with the same identifier (name{figure.2}
) has been already used, duplicate ignored

\AtBegShi@Output ...ipout \box \AtBeginShipoutBox 
                                                  \fi \fi 
l.841 \newpage
               <./figures/fan.png>]
Overfull \hbox (139.08313pt too wide) in paragraph at lines 846--880
 [][] 
 []

[24pdfTeX warning (ext4): destination with the same identifier (name{table.1}) 
has been already used, duplicate ignored

\AtBegShi@Output ...ipout \box \AtBeginShipoutBox 
                                                  \fi \fi 
l.882 \newpage
              ] (./confusion_matrix.tex
Overfull \hbox (62.88376pt too wide) in paragraph at lines 6--90
 [] 
 []


LaTeX Warning: Float too large for page by 160.3505pt on input line 101.

)
Overfull \hbox (149.99855pt too wide) in paragraph at lines 892--915
[][]
 []

[25pdfTeX warning (ext4): destination with the same identifier (name{table.2}) 
has been already used, duplicate ignored

\AtBegShi@Output ...ipout \box \AtBeginShipoutBox 
                                                  \fi \fi 
l.918 \clearpage
                ] [26pdfTeX warning (ext4): destination with the same identifie
r (name{table.3}) has been already used, duplicate ignored

\AtBegShi@Output ...ipout \box \AtBeginShipoutBox 
                                                  \fi \fi 
l.918 \clearpage
                ]
Overfull \hbox (53.36118pt too wide) in paragraph at lines 925--942
 [][] 
 []

[27

pdfTeX warning (ext4): destination with the same identifier (name{table.4}) has
 been already used, duplicate ignored

\AtBegShi@Output ...ipout \box \AtBeginShipoutBox 
                                                  \fi \fi 
l.944 \newpage
              ]
Overfull \hbox (104.10947pt too wide) in paragraph at lines 952--1016
 [][] 
 []

[28

pdfTeX warning (ext4): destination with the same identifier (name{table.5}) has
 been already used, duplicate ignored

\AtBegShi@Output ...ipout \box \AtBeginShipoutBox 
                                                  \fi \fi 
l.1018 \newpage
               ]
</home/thies/db/Cambridge/data/images/cambridge/0001000010058205_KqBBtZS8ecncUe
8oqjErqQ.jpg, id=378, 642.4pt x 642.4pt>
File: /home/thies/db/Cambridge/data/images/cambridge/0001000010058205_KqBBtZS8e
cncUe8oqjErqQ.jpg Graphic file (type jpg)
<use /home/thies/db/Cambridge/data/images/cambridge/0001000010058205_KqBBtZS8ec
ncUe8oqjErqQ.jpg>
Package pdftex.def Info: /home/thies/db/Cambridge/data/images/cambridge/0001000
010058205_KqBBtZS8ecncUe8oqjErqQ.jpg  used on input line 1027.
(pdftex.def)             Requested size: 45.16891pt x 45.16864pt.
</home/thies/db/Cambridge/data/images/cambridge/0001000010102767_u_7T3iAyG9xNge
N_ETY7aQ.jpg, id=379, 642.4pt x 642.4pt>
File: /home/thies/db/Cambridge/data/images/cambridge/0001000010102767_u_7T3iAyG
9xNgeN_ETY7aQ.jpg Graphic file (type jpg)
<use /home/thies/db/Cambridge/data/images/cambridge/0001000010102767_u_7T3iAyG9
xNgeN_ETY7aQ.jpg>
Package pdftex.def Info: /home/thies/db/Cambridge/data/images/cambridge/0001000
010102767_u_7T3iAyG9xNgeN_ETY7aQ.jpg  used on input line 1027.
(pdftex.def)             Requested size: 45.16891pt x 45.16864pt.
</home/thies/db/Cambridge/data/images/cambridge/0001000010141478_FT9houQ2x66NPn
NEGxTkvA.jpg, id=380, 642.4pt x 642.4pt>
File: /home/thies/db/Cambridge/data/images/cambridge/0001000010141478_FT9houQ2x
66NPnNEGxTkvA.jpg Graphic file (type jpg)
<use /home/thies/db/Cambridge/data/images/cambridge/0001000010141478_FT9houQ2x6
6NPnNEGxTkvA.jpg>
Package pdftex.def Info: /home/thies/db/Cambridge/data/images/cambridge/0001000
010141478_FT9houQ2x66NPnNEGxTkvA.jpg  used on input line 1027.
(pdftex.def)             Requested size: 45.16891pt x 45.16864pt.
</home/thies/db/Cambridge/data/images/cambridge/0001000010065714_pzExlR026vDKdQ
aJiLkdkw.jpg, id=381, 642.4pt x 642.4pt>
File: /home/thies/db/Cambridge/data/images/cambridge/0001000010065714_pzExlR026
vDKdQaJiLkdkw.jpg Graphic file (type jpg)
<use /home/thies/db/Cambridge/data/images/cambridge/0001000010065714_pzExlR026v
DKdQaJiLkdkw.jpg>
Package pdftex.def Info: /home/thies/db/Cambridge/data/images/cambridge/0001000
010065714_pzExlR026vDKdQaJiLkdkw.jpg  used on input line 1027.
(pdftex.def)             Requested size: 45.16891pt x 45.16864pt.
</home/thies/db/Cambridge/data/images/cambridge/0001000010137600_qYxYCsLRPpOfCy
v8IjfnlA.jpg, id=382, 642.4pt x 642.4pt>
File: /home/thies/db/Cambridge/data/images/cambridge/0001000010137600_qYxYCsLRP
pOfCyv8IjfnlA.jpg Graphic file (type jpg)
<use /home/thies/db/Cambridge/data/images/cambridge/0001000010137600_qYxYCsLRPp
OfCyv8IjfnlA.jpg>
Package pdftex.def Info: /home/thies/db/Cambridge/data/images/cambridge/0001000
010137600_qYxYCsLRPpOfCyv8IjfnlA.jpg  used on input line 1027.
(pdftex.def)             Requested size: 45.16891pt x 45.16864pt.
</home/thies/db/Cambridge/data/images/cambridge/1000002057677225_srJnz_31ujVFzn
-xh_DYfw.jpg, id=383, 642.4pt x 642.4pt>
File: /home/thies/db/Cambridge/data/images/cambridge/1000002057677225_srJnz_31u
jVFzn-xh_DYfw.jpg Graphic file (type jpg)
<use /home/thies/db/Cambridge/data/images/cambridge/1000002057677225_srJnz_31uj
VFzn-xh_DYfw.jpg>
Package pdftex.def Info: /home/thies/db/Cambridge/data/images/cambridge/1000002
057677225_srJnz_31ujVFzn-xh_DYfw.jpg  used on input line 1027.
(pdftex.def)             Requested size: 45.16891pt x 45.16864pt.
</home/thies/db/Cambridge/data/images/cambridge/1000002500413689_VylY6Sy3vLvjqb
tHeryMdQ.jpg, id=384, 642.4pt x 642.4pt>
File: /home/thies/db/Cambridge/data/images/cambridge/1000002500413689_VylY6Sy3v
LvjqbtHeryMdQ.jpg Graphic file (type jpg)
<use /home/thies/db/Cambridge/data/images/cambridge/1000002500413689_VylY6Sy3vL
vjqbtHeryMdQ.jpg>
Package pdftex.def Info: /home/thies/db/Cambridge/data/images/cambridge/1000002
500413689_VylY6Sy3vLvjqbtHeryMdQ.jpg  used on input line 1027.
(pdftex.def)             Requested size: 45.16891pt x 45.16864pt.
</home/thies/db/Cambridge/data/images/cambridge/0001000010056385_XQsTJ2p5Te54CS
cFmblMHA.jpg, id=385, 642.4pt x 642.4pt>
File: /home/thies/db/Cambridge/data/images/cambridge/0001000010056385_XQsTJ2p5T
e54CScFmblMHA.jpg Graphic file (type jpg)
<use /home/thies/db/Cambridge/data/images/cambridge/0001000010056385_XQsTJ2p5Te
54CScFmblMHA.jpg>
Package pdftex.def Info: /home/thies/db/Cambridge/data/images/cambridge/0001000
010056385_XQsTJ2p5Te54CScFmblMHA.jpg  used on input line 1028.
(pdftex.def)             Requested size: 45.16891pt x 45.16864pt.
</home/thies/db/Cambridge/data/images/cambridge/0001000010102769_c_e4WlmafqN2JX
Q2ZhYEkw.jpg, id=386, 642.4pt x 642.4pt>
File: /home/thies/db/Cambridge/data/images/cambridge/0001000010102769_c_e4Wlmaf
qN2JXQ2ZhYEkw.jpg Graphic file (type jpg)
<use /home/thies/db/Cambridge/data/images/cambridge/0001000010102769_c_e4Wlmafq
N2JXQ2ZhYEkw.jpg>
Package pdftex.def Info: /home/thies/db/Cambridge/data/images/cambridge/0001000
010102769_c_e4WlmafqN2JXQ2ZhYEkw.jpg  used on input line 1028.
(pdftex.def)             Requested size: 45.16891pt x 45.16864pt.
</home/thies/db/Cambridge/data/images/cambridge/0001000010017237_yWs7fxQ0r8Ecx_
ajaYc-rg.jpg, id=387, 642.4pt x 642.4pt>
File: /home/thies/db/Cambridge/data/images/cambridge/0001000010017237_yWs7fxQ0r
8Ecx_ajaYc-rg.jpg Graphic file (type jpg)
<use /home/thies/db/Cambridge/data/images/cambridge/0001000010017237_yWs7fxQ0r8
Ecx_ajaYc-rg.jpg>
Package pdftex.def Info: /home/thies/db/Cambridge/data/images/cambridge/0001000
010017237_yWs7fxQ0r8Ecx_ajaYc-rg.jpg  used on input line 1028.
(pdftex.def)             Requested size: 45.16891pt x 45.16864pt.
</home/thies/db/Cambridge/data/images/cambridge/0001000010141115_xG0eSas79cN59f
H4xvm5Yw.jpg, id=388, 642.4pt x 642.4pt>
File: /home/thies/db/Cambridge/data/images/cambridge/0001000010141115_xG0eSas79
cN59fH4xvm5Yw.jpg Graphic file (type jpg)
<use /home/thies/db/Cambridge/data/images/cambridge/0001000010141115_xG0eSas79c
N59fH4xvm5Yw.jpg>
Package pdftex.def Info: /home/thies/db/Cambridge/data/images/cambridge/0001000
010141115_xG0eSas79cN59fH4xvm5Yw.jpg  used on input line 1028.
(pdftex.def)             Requested size: 45.16891pt x 45.16864pt.
</home/thies/db/Cambridge/data/images/cambridge/0001000010023665_B2Is2WMV8SGjf7
Tg9tLS7w.jpg, id=389, 642.4pt x 642.4pt>
File: /home/thies/db/Cambridge/data/images/cambridge/0001000010023665_B2Is2WMV8
SGjf7Tg9tLS7w.jpg Graphic file (type jpg)
<use /home/thies/db/Cambridge/data/images/cambridge/0001000010023665_B2Is2WMV8S
Gjf7Tg9tLS7w.jpg>
Package pdftex.def Info: /home/thies/db/Cambridge/data/images/cambridge/0001000
010023665_B2Is2WMV8SGjf7Tg9tLS7w.jpg  used on input line 1028.
(pdftex.def)             Requested size: 45.16891pt x 45.16864pt.
</home/thies/db/Cambridge/data/images/cambridge/1000002500748070_DkW5iwQYtGox02
-tF2i9rQ.jpg, id=390, 642.4pt x 642.4pt>
File: /home/thies/db/Cambridge/data/images/cambridge/1000002500748070_DkW5iwQYt
Gox02-tF2i9rQ.jpg Graphic file (type jpg)
<use /home/thies/db/Cambridge/data/images/cambridge/1000002500748070_DkW5iwQYtG
ox02-tF2i9rQ.jpg>
Package pdftex.def Info: /home/thies/db/Cambridge/data/images/cambridge/1000002
500748070_DkW5iwQYtGox02-tF2i9rQ.jpg  used on input line 1028.
(pdftex.def)             Requested size: 45.16891pt x 45.16864pt.
</home/thies/db/Cambridge/data/images/cambridge/0001000010176986_bNOie2HS7GPQxP
OtoevEHw.jpg, id=391, 642.4pt x 642.4pt>
File: /home/thies/db/Cambridge/data/images/cambridge/0001000010176986_bNOie2HS7
GPQxPOtoevEHw.jpg Graphic file (type jpg)
<use /home/thies/db/Cambridge/data/images/cambridge/0001000010176986_bNOie2HS7G
PQxPOtoevEHw.jpg>
Package pdftex.def Info: /home/thies/db/Cambridge/data/images/cambridge/0001000
010176986_bNOie2HS7GPQxPOtoevEHw.jpg  used on input line 1028.
(pdftex.def)             Requested size: 45.16891pt x 45.16864pt.
</home/thies/db/Cambridge/data/images/cambridge/0001000010058145_xBAz4f8lI2MTiv
vvWv6wyQ.jpg, id=392, 642.4pt x 642.4pt>
File: /home/thies/db/Cambridge/data/images/cambridge/0001000010058145_xBAz4f8lI
2MTivvvWv6wyQ.jpg Graphic file (type jpg)
<use /home/thies/db/Cambridge/data/images/cambridge/0001000010058145_xBAz4f8lI2
MTivvvWv6wyQ.jpg>
Package pdftex.def Info: /home/thies/db/Cambridge/data/images/cambridge/0001000
010058145_xBAz4f8lI2MTivvvWv6wyQ.jpg  used on input line 1029.
(pdftex.def)             Requested size: 45.16891pt x 45.16864pt.
</home/thies/db/Cambridge/data/images/cambridge/0001000010103488_Y1L2niOkEGB1IK
e4tsl1yw.jpg, id=393, 642.4pt x 642.4pt>
File: /home/thies/db/Cambridge/data/images/cambridge/0001000010103488_Y1L2niOkE
GB1IKe4tsl1yw.jpg Graphic file (type jpg)
<use /home/thies/db/Cambridge/data/images/cambridge/0001000010103488_Y1L2niOkEG
B1IKe4tsl1yw.jpg>
Package pdftex.def Info: /home/thies/db/Cambridge/data/images/cambridge/0001000
010103488_Y1L2niOkEGB1IKe4tsl1yw.jpg  used on input line 1029.
(pdftex.def)             Requested size: 45.16891pt x 45.16864pt.
</home/thies/db/Cambridge/data/images/cambridge/0001000010021367_JF-P4lOQQouZ6l
HtM4J3oA.jpg, id=394, 642.4pt x 642.4pt>
File: /home/thies/db/Cambridge/data/images/cambridge/0001000010021367_JF-P4lOQQ
ouZ6lHtM4J3oA.jpg Graphic file (type jpg)
<use /home/thies/db/Cambridge/data/images/cambridge/0001000010021367_JF-P4lOQQo
uZ6lHtM4J3oA.jpg>
Package pdftex.def Info: /home/thies/db/Cambridge/data/images/cambridge/0001000
010021367_JF-P4lOQQouZ6lHtM4J3oA.jpg  used on input line 1029.
(pdftex.def)             Requested size: 45.16891pt x 45.16864pt.
</home/thies/db/Cambridge/data/images/cambridge/0001000010065349_HDvoqsiHXGx4xc
62JSUNJA.jpg, id=395, 642.4pt x 642.4pt>
File: /home/thies/db/Cambridge/data/images/cambridge/0001000010065349_HDvoqsiHX
Gx4xc62JSUNJA.jpg Graphic file (type jpg)
<use /home/thies/db/Cambridge/data/images/cambridge/0001000010065349_HDvoqsiHXG
x4xc62JSUNJA.jpg>
Package pdftex.def Info: /home/thies/db/Cambridge/data/images/cambridge/0001000
010065349_HDvoqsiHXGx4xc62JSUNJA.jpg  used on input line 1029.
(pdftex.def)             Requested size: 45.16891pt x 45.16864pt.
</home/thies/db/Cambridge/data/images/cambridge/0001000009993819_748OTBKSFyJZU2
DP7TbboQ.jpg, id=396, 642.4pt x 642.4pt>
File: /home/thies/db/Cambridge/data/images/cambridge/0001000009993819_748OTBKSF
yJZU2DP7TbboQ.jpg Graphic file (type jpg)
<use /home/thies/db/Cambridge/data/images/cambridge/0001000009993819_748OTBKSFy
JZU2DP7TbboQ.jpg>
Package pdftex.def Info: /home/thies/db/Cambridge/data/images/cambridge/0001000
009993819_748OTBKSFyJZU2DP7TbboQ.jpg  used on input line 1029.
(pdftex.def)             Requested size: 45.16891pt x 45.16864pt.
</home/thies/db/Cambridge/data/images/cambridge/1000002057677000_8l6ywNIej2136u
Zeb3qKqA.jpg, id=397, 642.4pt x 642.4pt>
File: /home/thies/db/Cambridge/data/images/cambridge/1000002057677000_8l6ywNIej
2136uZeb3qKqA.jpg Graphic file (type jpg)
<use /home/thies/db/Cambridge/data/images/cambridge/1000002057677000_8l6ywNIej2
136uZeb3qKqA.jpg>
Package pdftex.def Info: /home/thies/db/Cambridge/data/images/cambridge/1000002
057677000_8l6ywNIej2136uZeb3qKqA.jpg  used on input line 1029.
(pdftex.def)             Requested size: 45.16891pt x 45.16864pt.
</home/thies/db/Cambridge/data/images/cambridge/1000002500088807_4vu-eMLHmhX3Jm
HNwyulmQ.jpg, id=398, 642.4pt x 642.4pt>
File: /home/thies/db/Cambridge/data/images/cambridge/1000002500088807_4vu-eMLHm
hX3JmHNwyulmQ.jpg Graphic file (type jpg)
<use /home/thies/db/Cambridge/data/images/cambridge/1000002500088807_4vu-eMLHmh
X3JmHNwyulmQ.jpg>
Package pdftex.def Info: /home/thies/db/Cambridge/data/images/cambridge/1000002
500088807_4vu-eMLHmhX3JmHNwyulmQ.jpg  used on input line 1029.
(pdftex.def)             Requested size: 45.16891pt x 45.16864pt.
</home/thies/db/Cambridge/data/images/cambridge/0001000010059206__nUymOPxCgpQug
ahoE7EPw.jpg, id=399, 642.4pt x 642.4pt>
File: /home/thies/db/Cambridge/data/images/cambridge/0001000010059206__nUymOPxC
gpQugahoE7EPw.jpg Graphic file (type jpg)
<use /home/thies/db/Cambridge/data/images/cambridge/0001000010059206__nUymOPxCg
pQugahoE7EPw.jpg>
Package pdftex.def Info: /home/thies/db/Cambridge/data/images/cambridge/0001000
010059206__nUymOPxCgpQugahoE7EPw.jpg  used on input line 1030.
(pdftex.def)             Requested size: 45.16891pt x 45.16864pt.
</home/thies/db/Cambridge/data/images/cambridge/0001000010103870_ywN_BuvuLW6kbL
LP0QgJMA.jpg, id=400, 642.4pt x 642.4pt>
File: /home/thies/db/Cambridge/data/images/cambridge/0001000010103870_ywN_BuvuL
W6kbLLP0QgJMA.jpg Graphic file (type jpg)
<use /home/thies/db/Cambridge/data/images/cambridge/0001000010103870_ywN_BuvuLW
6kbLLP0QgJMA.jpg>
Package pdftex.def Info: /home/thies/db/Cambridge/data/images/cambridge/0001000
010103870_ywN_BuvuLW6kbLLP0QgJMA.jpg  used on input line 1030.
(pdftex.def)             Requested size: 45.16891pt x 45.16864pt.
</home/thies/db/Cambridge/data/images/cambridge/0001000010017412_aOsldmaOT-MAce
6q6qkmTQ.jpg, id=401, 642.4pt x 642.4pt>
File: /home/thies/db/Cambridge/data/images/cambridge/0001000010017412_aOsldmaOT
-MAce6q6qkmTQ.jpg Graphic file (type jpg)
<use /home/thies/db/Cambridge/data/images/cambridge/0001000010017412_aOsldmaOT-
MAce6q6qkmTQ.jpg>
Package pdftex.def Info: /home/thies/db/Cambridge/data/images/cambridge/0001000
010017412_aOsldmaOT-MAce6q6qkmTQ.jpg  used on input line 1030.
(pdftex.def)             Requested size: 45.16891pt x 45.16864pt.
</home/thies/db/Cambridge/data/images/cambridge/0001000010107971_veilqmDOA-AfCu
z4tWyg7g.jpg, id=402, 642.4pt x 642.4pt>
File: /home/thies/db/Cambridge/data/images/cambridge/0001000010107971_veilqmDOA
-AfCuz4tWyg7g.jpg Graphic file (type jpg)
<use /home/thies/db/Cambridge/data/images/cambridge/0001000010107971_veilqmDOA-
AfCuz4tWyg7g.jpg>
Package pdftex.def Info: /home/thies/db/Cambridge/data/images/cambridge/0001000
010107971_veilqmDOA-AfCuz4tWyg7g.jpg  used on input line 1030.
(pdftex.def)             Requested size: 45.16891pt x 45.16864pt.
</home/thies/db/Cambridge/data/images/cambridge/0001000010025542_8rvXwCYBTCQu0e
VM9nhN9Q.jpg, id=403, 642.4pt x 642.4pt>
File: /home/thies/db/Cambridge/data/images/cambridge/0001000010025542_8rvXwCYBT
CQu0eVM9nhN9Q.jpg Graphic file (type jpg)
<use /home/thies/db/Cambridge/data/images/cambridge/0001000010025542_8rvXwCYBTC
Qu0eVM9nhN9Q.jpg>
Package pdftex.def Info: /home/thies/db/Cambridge/data/images/cambridge/0001000
010025542_8rvXwCYBTCQu0eVM9nhN9Q.jpg  used on input line 1030.
(pdftex.def)             Requested size: 45.16891pt x 45.16864pt.
</home/thies/db/Cambridge/data/images/cambridge/1000002500555322_FffLx_XVBUOvZg
iXRdSAnA.jpg, id=404, 642.4pt x 642.4pt>
File: /home/thies/db/Cambridge/data/images/cambridge/1000002500555322_FffLx_XVB
UOvZgiXRdSAnA.jpg Graphic file (type jpg)
<use /home/thies/db/Cambridge/data/images/cambridge/1000002500555322_FffLx_XVBU
OvZgiXRdSAnA.jpg>
Package pdftex.def Info: /home/thies/db/Cambridge/data/images/cambridge/1000002
500555322_FffLx_XVBUOvZgiXRdSAnA.jpg  used on input line 1030.
(pdftex.def)             Requested size: 45.16891pt x 45.16864pt.
</home/thies/db/Cambridge/data/images/cambridge/0001000010066754_dJmIRHcgebzrGz
DR_Cahaw.jpg, id=405, 642.4pt x 642.4pt>
File: /home/thies/db/Cambridge/data/images/cambridge/0001000010066754_dJmIRHcge
bzrGzDR_Cahaw.jpg Graphic file (type jpg)
<use /home/thies/db/Cambridge/data/images/cambridge/0001000010066754_dJmIRHcgeb
zrGzDR_Cahaw.jpg>
Package pdftex.def Info: /home/thies/db/Cambridge/data/images/cambridge/0001000
010066754_dJmIRHcgebzrGzDR_Cahaw.jpg  used on input line 1030.
(pdftex.def)             Requested size: 45.16891pt x 45.16864pt.
</home/thies/db/Cambridge/data/images/cambridge/0001000010060140_8_DVq9QCmlMezN
uDHGixwg.jpg, id=406, 642.4pt x 642.4pt>
File: /home/thies/db/Cambridge/data/images/cambridge/0001000010060140_8_DVq9QCm
lMezNuDHGixwg.jpg Graphic file (type jpg)
<use /home/thies/db/Cambridge/data/images/cambridge/0001000010060140_8_DVq9QCml
MezNuDHGixwg.jpg>
Package pdftex.def Info: /home/thies/db/Cambridge/data/images/cambridge/0001000
010060140_8_DVq9QCmlMezNuDHGixwg.jpg  used on input line 1031.
(pdftex.def)             Requested size: 45.16891pt x 45.16864pt.
</home/thies/db/Cambridge/data/images/cambridge/0001000010103819_mF6OqQrRTOlAoG
daraQsTQ.jpg, id=407, 642.4pt x 642.4pt>
File: /home/thies/db/Cambridge/data/images/cambridge/0001000010103819_mF6OqQrRT
OlAoGdaraQsTQ.jpg Graphic file (type jpg)
<use /home/thies/db/Cambridge/data/images/cambridge/0001000010103819_mF6OqQrRTO
lAoGdaraQsTQ.jpg>
Package pdftex.def Info: /home/thies/db/Cambridge/data/images/cambridge/0001000
010103819_mF6OqQrRTOlAoGdaraQsTQ.jpg  used on input line 1031.
(pdftex.def)             Requested size: 45.16891pt x 45.16864pt.
</home/thies/db/Cambridge/data/images/cambridge/0001000010097999_xTD3YceIrtPJZw
Pz5d0G6Q.jpg, id=408, 642.4pt x 642.4pt>
File: /home/thies/db/Cambridge/data/images/cambridge/0001000010097999_xTD3YceIr
tPJZwPz5d0G6Q.jpg Graphic file (type jpg)
<use /home/thies/db/Cambridge/data/images/cambridge/0001000010097999_xTD3YceIrt
PJZwPz5d0G6Q.jpg>
Package pdftex.def Info: /home/thies/db/Cambridge/data/images/cambridge/0001000
010097999_xTD3YceIrtPJZwPz5d0G6Q.jpg  used on input line 1031.
(pdftex.def)             Requested size: 45.16891pt x 45.16864pt.
</home/thies/db/Cambridge/data/images/cambridge/0001000010065347_pouLRqJd7pkk41
jryvYQ4A.jpg, id=409, 642.4pt x 642.4pt>
File: /home/thies/db/Cambridge/data/images/cambridge/0001000010065347_pouLRqJd7
pkk41jryvYQ4A.jpg Graphic file (type jpg)
<use /home/thies/db/Cambridge/data/images/cambridge/0001000010065347_pouLRqJd7p
kk41jryvYQ4A.jpg>
Package pdftex.def Info: /home/thies/db/Cambridge/data/images/cambridge/0001000
010065347_pouLRqJd7pkk41jryvYQ4A.jpg  used on input line 1031.
(pdftex.def)             Requested size: 45.16891pt x 45.16864pt.
</home/thies/db/Cambridge/data/images/cambridge/0001000009992776_QxMV8eRavS1riX
fGzpSkBw.jpg, id=410, 642.4pt x 642.4pt>
File: /home/thies/db/Cambridge/data/images/cambridge/0001000009992776_QxMV8eRav
S1riXfGzpSkBw.jpg Graphic file (type jpg)
<use /home/thies/db/Cambridge/data/images/cambridge/0001000009992776_QxMV8eRavS
1riXfGzpSkBw.jpg>
Package pdftex.def Info: /home/thies/db/Cambridge/data/images/cambridge/0001000
009992776_QxMV8eRavS1riXfGzpSkBw.jpg  used on input line 1031.
(pdftex.def)             Requested size: 45.16891pt x 45.16864pt.
</home/thies/db/Cambridge/data/images/cambridge/1000002500555341_NVXmLF7mim1nGB
ZAdgw_ew.jpg, id=411, 642.4pt x 642.4pt>
File: /home/thies/db/Cambridge/data/images/cambridge/1000002500555341_NVXmLF7mi
m1nGBZAdgw_ew.jpg Graphic file (type jpg)
<use /home/thies/db/Cambridge/data/images/cambridge/1000002500555341_NVXmLF7mim
1nGBZAdgw_ew.jpg>
Package pdftex.def Info: /home/thies/db/Cambridge/data/images/cambridge/1000002
500555341_NVXmLF7mim1nGBZAdgw_ew.jpg  used on input line 1031.
(pdftex.def)             Requested size: 45.16891pt x 45.16864pt.
</home/thies/db/Cambridge/data/images/cambridge/1000002500569086_g5RwBQ7D5edS2o
bfSogNIw.jpg, id=412, 642.4pt x 642.4pt>
File: /home/thies/db/Cambridge/data/images/cambridge/1000002500569086_g5RwBQ7D5
edS2obfSogNIw.jpg Graphic file (type jpg)
<use /home/thies/db/Cambridge/data/images/cambridge/1000002500569086_g5RwBQ7D5e
dS2obfSogNIw.jpg>
Package pdftex.def Info: /home/thies/db/Cambridge/data/images/cambridge/1000002
500569086_g5RwBQ7D5edS2obfSogNIw.jpg  used on input line 1031.
(pdftex.def)             Requested size: 45.16891pt x 45.16864pt.
</home/thies/db/Cambridge/data/images/cambridge/0001000010060139_8_DVq9QCmlMezN
uDHGixwg.jpg, id=413, 642.4pt x 642.4pt>
File: /home/thies/db/Cambridge/data/images/cambridge/0001000010060139_8_DVq9QCm
lMezNuDHGixwg.jpg Graphic file (type jpg)
<use /home/thies/db/Cambridge/data/images/cambridge/0001000010060139_8_DVq9QCml
MezNuDHGixwg.jpg>
Package pdftex.def Info: /home/thies/db/Cambridge/data/images/cambridge/0001000
010060139_8_DVq9QCmlMezNuDHGixwg.jpg  used on input line 1032.
(pdftex.def)             Requested size: 45.16891pt x 45.16864pt.
</home/thies/db/Cambridge/data/images/cambridge/0001000010101711_wNQ403N-0pQd5f
ChNztfYA.jpg, id=414, 642.4pt x 642.4pt>
File: /home/thies/db/Cambridge/data/images/cambridge/0001000010101711_wNQ403N-0
pQd5fChNztfYA.jpg Graphic file (type jpg)
<use /home/thies/db/Cambridge/data/images/cambridge/0001000010101711_wNQ403N-0p
Qd5fChNztfYA.jpg>
Package pdftex.def Info: /home/thies/db/Cambridge/data/images/cambridge/0001000
010101711_wNQ403N-0pQd5fChNztfYA.jpg  used on input line 1032.
(pdftex.def)             Requested size: 45.16891pt x 45.16864pt.
</home/thies/db/Cambridge/data/images/cambridge/0001000010021374_55tKverBLF4C0o
o8U4XABg.jpg, id=415, 642.4pt x 642.4pt>
File: /home/thies/db/Cambridge/data/images/cambridge/0001000010021374_55tKverBL
F4C0oo8U4XABg.jpg Graphic file (type jpg)
<use /home/thies/db/Cambridge/data/images/cambridge/0001000010021374_55tKverBLF
4C0oo8U4XABg.jpg>
Package pdftex.def Info: /home/thies/db/Cambridge/data/images/cambridge/0001000
010021374_55tKverBLF4C0oo8U4XABg.jpg  used on input line 1032.
(pdftex.def)             Requested size: 45.16891pt x 45.16864pt.
</home/thies/db/Cambridge/data/images/cambridge/0001000010065352_kDKqKaGpPwLeCB
KJIQmeCg.jpg, id=416, 642.4pt x 642.4pt>
File: /home/thies/db/Cambridge/data/images/cambridge/0001000010065352_kDKqKaGpP
wLeCBKJIQmeCg.jpg Graphic file (type jpg)
<use /home/thies/db/Cambridge/data/images/cambridge/0001000010065352_kDKqKaGpPw
LeCBKJIQmeCg.jpg>
Package pdftex.def Info: /home/thies/db/Cambridge/data/images/cambridge/0001000
010065352_kDKqKaGpPwLeCBKJIQmeCg.jpg  used on input line 1032.
(pdftex.def)             Requested size: 45.16891pt x 45.16864pt.
</home/thies/db/Cambridge/data/images/cambridge/0001000010015484_zlR1vVJ7F0L6hc
sFoZEydw.jpg, id=417, 642.4pt x 642.4pt>
File: /home/thies/db/Cambridge/data/images/cambridge/0001000010015484_zlR1vVJ7F
0L6hcsFoZEydw.jpg Graphic file (type jpg)
<use /home/thies/db/Cambridge/data/images/cambridge/0001000010015484_zlR1vVJ7F0
L6hcsFoZEydw.jpg>
Package pdftex.def Info: /home/thies/db/Cambridge/data/images/cambridge/0001000
010015484_zlR1vVJ7F0L6hcsFoZEydw.jpg  used on input line 1032.
(pdftex.def)             Requested size: 45.16891pt x 45.16864pt.
</home/thies/db/Cambridge/data/images/cambridge/1000002500548748_i6QAKtN2HhGsTV
DBan2DKw.jpg, id=418, 642.4pt x 642.4pt>
File: /home/thies/db/Cambridge/data/images/cambridge/1000002500548748_i6QAKtN2H
hGsTVDBan2DKw.jpg Graphic file (type jpg)
<use /home/thies/db/Cambridge/data/images/cambridge/1000002500548748_i6QAKtN2Hh
GsTVDBan2DKw.jpg>
Package pdftex.def Info: /home/thies/db/Cambridge/data/images/cambridge/1000002
500548748_i6QAKtN2HhGsTVDBan2DKw.jpg  used on input line 1032.
(pdftex.def)             Requested size: 45.16891pt x 45.16864pt.
</home/thies/db/Cambridge/data/images/cambridge/1000002057955271_dMXMWNaIwddWdH
idEuXowA.jpg, id=419, 642.4pt x 642.4pt>
File: /home/thies/db/Cambridge/data/images/cambridge/1000002057955271_dMXMWNaIw
ddWdHidEuXowA.jpg Graphic file (type jpg)
<use /home/thies/db/Cambridge/data/images/cambridge/1000002057955271_dMXMWNaIwd
dWdHidEuXowA.jpg>
Package pdftex.def Info: /home/thies/db/Cambridge/data/images/cambridge/1000002
057955271_dMXMWNaIwddWdHidEuXowA.jpg  used on input line 1032.
(pdftex.def)             Requested size: 45.16891pt x 45.16864pt.
</home/thies/db/Cambridge/data/images/cambridge/0001000010060141_W3ZIE8mPY6LJb-
_hKatlUw.jpg, id=420, 642.4pt x 642.4pt>
File: /home/thies/db/Cambridge/data/images/cambridge/0001000010060141_W3ZIE8mPY
6LJb-_hKatlUw.jpg Graphic file (type jpg)
<use /home/thies/db/Cambridge/data/images/cambridge/0001000010060141_W3ZIE8mPY6
LJb-_hKatlUw.jpg>
Package pdftex.def Info: /home/thies/db/Cambridge/data/images/cambridge/0001000
010060141_W3ZIE8mPY6LJb-_hKatlUw.jpg  used on input line 1033.
(pdftex.def)             Requested size: 45.16891pt x 45.16864pt.
</home/thies/db/Cambridge/data/images/cambridge/0001000010103226_XO6qx_5Q9tNnNF
958OBO3g.jpg, id=421, 642.4pt x 642.4pt>
File: /home/thies/db/Cambridge/data/images/cambridge/0001000010103226_XO6qx_5Q9
tNnNF958OBO3g.jpg Graphic file (type jpg)
<use /home/thies/db/Cambridge/data/images/cambridge/0001000010103226_XO6qx_5Q9t
NnNF958OBO3g.jpg>
Package pdftex.def Info: /home/thies/db/Cambridge/data/images/cambridge/0001000
010103226_XO6qx_5Q9tNnNF958OBO3g.jpg  used on input line 1033.
(pdftex.def)             Requested size: 45.16891pt x 45.16864pt.
</home/thies/db/Cambridge/data/images/cambridge/0001000010017109_MbGvl1GxhZjQ_q
hD7puDBw.jpg, id=422, 642.4pt x 642.4pt>
File: /home/thies/db/Cambridge/data/images/cambridge/0001000010017109_MbGvl1Gxh
ZjQ_qhD7puDBw.jpg Graphic file (type jpg)
<use /home/thies/db/Cambridge/data/images/cambridge/0001000010017109_MbGvl1GxhZ
jQ_qhD7puDBw.jpg>
Package pdftex.def Info: /home/thies/db/Cambridge/data/images/cambridge/0001000
010017109_MbGvl1GxhZjQ_qhD7puDBw.jpg  used on input line 1033.
(pdftex.def)             Requested size: 45.16891pt x 45.16864pt.
</home/thies/db/Cambridge/data/images/cambridge/0001000009995496_N4NgCofyWASyYf
cSPTjdBA.jpg, id=423, 642.4pt x 642.4pt>
File: /home/thies/db/Cambridge/data/images/cambridge/0001000009995496_N4NgCofyW
ASyYfcSPTjdBA.jpg Graphic file (type jpg)
<use /home/thies/db/Cambridge/data/images/cambridge/0001000009995496_N4NgCofyWA
SyYfcSPTjdBA.jpg>
Package pdftex.def Info: /home/thies/db/Cambridge/data/images/cambridge/0001000
009995496_N4NgCofyWASyYfcSPTjdBA.jpg  used on input line 1033.
(pdftex.def)             Requested size: 45.16891pt x 45.16864pt.
</home/thies/db/Cambridge/data/images/cambridge/0001000010068890_aswyTpwrE_Ifdb
INnYx7XQ.jpg, id=424, 642.4pt x 642.4pt>
File: /home/thies/db/Cambridge/data/images/cambridge/0001000010068890_aswyTpwrE
_IfdbINnYx7XQ.jpg Graphic file (type jpg)
<use /home/thies/db/Cambridge/data/images/cambridge/0001000010068890_aswyTpwrE_
IfdbINnYx7XQ.jpg>
Package pdftex.def Info: /home/thies/db/Cambridge/data/images/cambridge/0001000
010068890_aswyTpwrE_IfdbINnYx7XQ.jpg  used on input line 1033.
(pdftex.def)             Requested size: 45.16891pt x 45.16864pt.
</home/thies/db/Cambridge/data/images/cambridge/0001000010104229_qFV1-weLxn8SRW
4Ib2wexQ.jpg, id=425, 642.4pt x 642.4pt>
File: /home/thies/db/Cambridge/data/images/cambridge/0001000010104229_qFV1-weLx
n8SRW4Ib2wexQ.jpg Graphic file (type jpg)
<use /home/thies/db/Cambridge/data/images/cambridge/0001000010104229_qFV1-weLxn
8SRW4Ib2wexQ.jpg>
Package pdftex.def Info: /home/thies/db/Cambridge/data/images/cambridge/0001000
010104229_qFV1-weLxn8SRW4Ib2wexQ.jpg  used on input line 1033.
(pdftex.def)             Requested size: 45.16891pt x 45.16864pt.
</home/thies/db/Cambridge/data/images/cambridge/0001000010199676_smIagQ34MLIcJO
rjvIu9uw.jpg, id=426, 642.4pt x 642.4pt>
File: /home/thies/db/Cambridge/data/images/cambridge/0001000010199676_smIagQ34M
LIcJOrjvIu9uw.jpg Graphic file (type jpg)
<use /home/thies/db/Cambridge/data/images/cambridge/0001000010199676_smIagQ34ML
IcJOrjvIu9uw.jpg>
Package pdftex.def Info: /home/thies/db/Cambridge/data/images/cambridge/0001000
010199676_smIagQ34MLIcJOrjvIu9uw.jpg  used on input line 1033.
(pdftex.def)             Requested size: 45.16891pt x 45.16864pt.
</home/thies/db/Cambridge/data/images/cambridge/0001000010059966_e8c8bmHUpyKpiI
Z1YO9ypg.jpg, id=427, 642.4pt x 642.4pt>
File: /home/thies/db/Cambridge/data/images/cambridge/0001000010059966_e8c8bmHUp
yKpiIZ1YO9ypg.jpg Graphic file (type jpg)
<use /home/thies/db/Cambridge/data/images/cambridge/0001000010059966_e8c8bmHUpy
KpiIZ1YO9ypg.jpg>
Package pdftex.def Info: /home/thies/db/Cambridge/data/images/cambridge/0001000
010059966_e8c8bmHUpyKpiIZ1YO9ypg.jpg  used on input line 1034.
(pdftex.def)             Requested size: 45.16891pt x 45.16864pt.
</home/thies/db/Cambridge/data/images/cambridge/0001000010101704_ZQFxujswdAj7EG
qRlp8sXQ.jpg, id=428, 642.4pt x 642.4pt>
File: /home/thies/db/Cambridge/data/images/cambridge/0001000010101704_ZQFxujswd
Aj7EGqRlp8sXQ.jpg Graphic file (type jpg)
<use /home/thies/db/Cambridge/data/images/cambridge/0001000010101704_ZQFxujswdA
j7EGqRlp8sXQ.jpg>
Package pdftex.def Info: /home/thies/db/Cambridge/data/images/cambridge/0001000
010101704_ZQFxujswdAj7EGqRlp8sXQ.jpg  used on input line 1034.
(pdftex.def)             Requested size: 45.16891pt x 45.16864pt.
</home/thies/db/Cambridge/data/images/cambridge/0001000010017361_WxMCM3nht5EX_K
9pqIK-kQ.jpg, id=429, 642.4pt x 642.4pt>
File: /home/thies/db/Cambridge/data/images/cambridge/0001000010017361_WxMCM3nht
5EX_K9pqIK-kQ.jpg Graphic file (type jpg)
<use /home/thies/db/Cambridge/data/images/cambridge/0001000010017361_WxMCM3nht5
EX_K9pqIK-kQ.jpg>
Package pdftex.def Info: /home/thies/db/Cambridge/data/images/cambridge/0001000
010017361_WxMCM3nht5EX_K9pqIK-kQ.jpg  used on input line 1034.
(pdftex.def)             Requested size: 45.16891pt x 45.16864pt.
</home/thies/db/Cambridge/data/images/cambridge/0001000010066620_4TqmJVLf3urSJo
4ESg1zfw.jpg, id=430, 642.4pt x 642.4pt>
File: /home/thies/db/Cambridge/data/images/cambridge/0001000010066620_4TqmJVLf3
urSJo4ESg1zfw.jpg Graphic file (type jpg)
<use /home/thies/db/Cambridge/data/images/cambridge/0001000010066620_4TqmJVLf3u
rSJo4ESg1zfw.jpg>
Package pdftex.def Info: /home/thies/db/Cambridge/data/images/cambridge/0001000
010066620_4TqmJVLf3urSJo4ESg1zfw.jpg  used on input line 1034.
(pdftex.def)             Requested size: 45.16891pt x 45.16864pt.
</home/thies/db/Cambridge/data/images/cambridge/0001000010023689_KpXUKEdjoQ9swg
oB2oXA3w.jpg, id=431, 642.4pt x 642.4pt>
File: /home/thies/db/Cambridge/data/images/cambridge/0001000010023689_KpXUKEdjo
Q9swgoB2oXA3w.jpg Graphic file (type jpg)
<use /home/thies/db/Cambridge/data/images/cambridge/0001000010023689_KpXUKEdjoQ
9swgoB2oXA3w.jpg>
Package pdftex.def Info: /home/thies/db/Cambridge/data/images/cambridge/0001000
010023689_KpXUKEdjoQ9swgoB2oXA3w.jpg  used on input line 1034.
(pdftex.def)             Requested size: 45.16891pt x 45.16864pt.
</home/thies/db/Cambridge/data/images/cambridge/1000002500748058_DkW5iwQYtGox02
-tF2i9rQ.jpg, id=432, 642.4pt x 642.4pt>
File: /home/thies/db/Cambridge/data/images/cambridge/1000002500748058_DkW5iwQYt
Gox02-tF2i9rQ.jpg Graphic file (type jpg)
<use /home/thies/db/Cambridge/data/images/cambridge/1000002500748058_DkW5iwQYtG
ox02-tF2i9rQ.jpg>
Package pdftex.def Info: /home/thies/db/Cambridge/data/images/cambridge/1000002
500748058_DkW5iwQYtGox02-tF2i9rQ.jpg  used on input line 1034.
(pdftex.def)             Requested size: 45.16891pt x 45.16864pt.
</home/thies/db/Cambridge/data/images/cambridge/0001000010066718_dJmIRHcgebzrGz
DR_Cahaw.jpg, id=433, 642.4pt x 642.4pt>
File: /home/thies/db/Cambridge/data/images/cambridge/0001000010066718_dJmIRHcge
bzrGzDR_Cahaw.jpg Graphic file (type jpg)
<use /home/thies/db/Cambridge/data/images/cambridge/0001000010066718_dJmIRHcgeb
zrGzDR_Cahaw.jpg>
Package pdftex.def Info: /home/thies/db/Cambridge/data/images/cambridge/0001000
010066718_dJmIRHcgebzrGzDR_Cahaw.jpg  used on input line 1034.
(pdftex.def)             Requested size: 45.16891pt x 45.16864pt.
</home/thies/db/Cambridge/data/images/cambridge/0001000010060813_VlKeIvrTv6UwOE
9HD2LgJg.jpg, id=434, 642.4pt x 642.4pt>
File: /home/thies/db/Cambridge/data/images/cambridge/0001000010060813_VlKeIvrTv
6UwOE9HD2LgJg.jpg Graphic file (type jpg)
<use /home/thies/db/Cambridge/data/images/cambridge/0001000010060813_VlKeIvrTv6
UwOE9HD2LgJg.jpg>
Package pdftex.def Info: /home/thies/db/Cambridge/data/images/cambridge/0001000
010060813_VlKeIvrTv6UwOE9HD2LgJg.jpg  used on input line 1035.
(pdftex.def)             Requested size: 45.16891pt x 45.16864pt.
</home/thies/db/Cambridge/data/images/cambridge/0001000010103859_P5YwPMree6QCxE
xkKqIzbw.jpg, id=435, 642.4pt x 642.4pt>
File: /home/thies/db/Cambridge/data/images/cambridge/0001000010103859_P5YwPMree
6QCxExkKqIzbw.jpg Graphic file (type jpg)
<use /home/thies/db/Cambridge/data/images/cambridge/0001000010103859_P5YwPMree6
QCxExkKqIzbw.jpg>
Package pdftex.def Info: /home/thies/db/Cambridge/data/images/cambridge/0001000
010103859_P5YwPMree6QCxExkKqIzbw.jpg  used on input line 1035.
(pdftex.def)             Requested size: 45.16891pt x 45.16864pt.
</home/thies/db/Cambridge/data/images/cambridge/0001000010141515_5g5Bhsn_4iW-90
aFMrIaSA.jpg, id=436, 642.4pt x 642.4pt>
File: /home/thies/db/Cambridge/data/images/cambridge/0001000010141515_5g5Bhsn_4
iW-90aFMrIaSA.jpg Graphic file (type jpg)
<use /home/thies/db/Cambridge/data/images/cambridge/0001000010141515_5g5Bhsn_4i
W-90aFMrIaSA.jpg>
Package pdftex.def Info: /home/thies/db/Cambridge/data/images/cambridge/0001000
010141515_5g5Bhsn_4iW-90aFMrIaSA.jpg  used on input line 1035.
(pdftex.def)             Requested size: 45.16891pt x 45.16864pt.
</home/thies/db/Cambridge/data/images/cambridge/0001000010066361_gliMrVbagcfkfZ
jLw4mKlw.jpg, id=437, 642.4pt x 642.4pt>
File: /home/thies/db/Cambridge/data/images/cambridge/0001000010066361_gliMrVbag
cfkfZjLw4mKlw.jpg Graphic file (type jpg)
<use /home/thies/db/Cambridge/data/images/cambridge/0001000010066361_gliMrVbagc
fkfZjLw4mKlw.jpg>
Package pdftex.def Info: /home/thies/db/Cambridge/data/images/cambridge/0001000
010066361_gliMrVbagcfkfZjLw4mKlw.jpg  used on input line 1035.
(pdftex.def)             Requested size: 45.16891pt x 45.16864pt.
</home/thies/db/Cambridge/data/images/cambridge/1000002500527045_p4zTtg8OzsbWjH
YscCf-rA.jpg, id=438, 642.4pt x 642.4pt>
File: /home/thies/db/Cambridge/data/images/cambridge/1000002500527045_p4zTtg8Oz
sbWjHYscCf-rA.jpg Graphic file (type jpg)
<use /home/thies/db/Cambridge/data/images/cambridge/1000002500527045_p4zTtg8Ozs
bWjHYscCf-rA.jpg>
Package pdftex.def Info: /home/thies/db/Cambridge/data/images/cambridge/1000002
500527045_p4zTtg8OzsbWjHYscCf-rA.jpg  used on input line 1035.
(pdftex.def)             Requested size: 45.16891pt x 45.16864pt.
</home/thies/db/Cambridge/data/images/cambridge/1000002500748076_zDr74LLmVeyKyx
7dPnXK6A.jpg, id=439, 642.4pt x 642.4pt>
File: /home/thies/db/Cambridge/data/images/cambridge/1000002500748076_zDr74LLmV
eyKyx7dPnXK6A.jpg Graphic file (type jpg)
<use /home/thies/db/Cambridge/data/images/cambridge/1000002500748076_zDr74LLmVe
yKyx7dPnXK6A.jpg>
Package pdftex.def Info: /home/thies/db/Cambridge/data/images/cambridge/1000002
500748076_zDr74LLmVeyKyx7dPnXK6A.jpg  used on input line 1035.
(pdftex.def)             Requested size: 45.16891pt x 45.16864pt.
</home/thies/db/Cambridge/data/images/cambridge/1000002500413682_drSMg0SQ9TU4Og
8pXOgSxw.jpg, id=440, 642.4pt x 642.4pt>
File: /home/thies/db/Cambridge/data/images/cambridge/1000002500413682_drSMg0SQ9
TU4Og8pXOgSxw.jpg Graphic file (type jpg)
<use /home/thies/db/Cambridge/data/images/cambridge/1000002500413682_drSMg0SQ9T
U4Og8pXOgSxw.jpg>
Package pdftex.def Info: /home/thies/db/Cambridge/data/images/cambridge/1000002
500413682_drSMg0SQ9TU4Og8pXOgSxw.jpg  used on input line 1035.
(pdftex.def)             Requested size: 45.16891pt x 45.16864pt.
</home/thies/db/Cambridge/data/images/cambridge/0001000010059967_e8c8bmHUpyKpiI
Z1YO9ypg.jpg, id=441, 642.4pt x 642.4pt>
File: /home/thies/db/Cambridge/data/images/cambridge/0001000010059967_e8c8bmHUp
yKpiIZ1YO9ypg.jpg Graphic file (type jpg)
<use /home/thies/db/Cambridge/data/images/cambridge/0001000010059967_e8c8bmHUpy
KpiIZ1YO9ypg.jpg>
Package pdftex.def Info: /home/thies/db/Cambridge/data/images/cambridge/0001000
010059967_e8c8bmHUpyKpiIZ1YO9ypg.jpg  used on input line 1036.
(pdftex.def)             Requested size: 45.16891pt x 45.16864pt.
</home/thies/db/Cambridge/data/images/cambridge/0001000010103388_CZH157SXYmF3dE
VMKlWBfQ.jpg, id=442, 642.4pt x 642.4pt>
File: /home/thies/db/Cambridge/data/images/cambridge/0001000010103388_CZH157SXY
mF3dEVMKlWBfQ.jpg Graphic file (type jpg)
<use /home/thies/db/Cambridge/data/images/cambridge/0001000010103388_CZH157SXYm
F3dEVMKlWBfQ.jpg>
Package pdftex.def Info: /home/thies/db/Cambridge/data/images/cambridge/0001000
010103388_CZH157SXYmF3dEVMKlWBfQ.jpg  used on input line 1036.
(pdftex.def)             Requested size: 45.16891pt x 45.16864pt.
</home/thies/db/Cambridge/data/images/cambridge/0001000010025644_bJ8zv37pDsP0CI
mvDMKC0w.jpg, id=443, 642.4pt x 642.4pt>
File: /home/thies/db/Cambridge/data/images/cambridge/0001000010025644_bJ8zv37pD
sP0CImvDMKC0w.jpg Graphic file (type jpg)
<use /home/thies/db/Cambridge/data/images/cambridge/0001000010025644_bJ8zv37pDs
P0CImvDMKC0w.jpg>
Package pdftex.def Info: /home/thies/db/Cambridge/data/images/cambridge/0001000
010025644_bJ8zv37pDsP0CImvDMKC0w.jpg  used on input line 1036.
(pdftex.def)             Requested size: 45.16891pt x 45.16864pt.
</home/thies/db/Cambridge/data/images/cambridge/0001000010144910_COpJNwPw67J78V
XCoN_HMA.jpg, id=444, 642.4pt x 642.4pt>
File: /home/thies/db/Cambridge/data/images/cambridge/0001000010144910_COpJNwPw6
7J78VXCoN_HMA.jpg Graphic file (type jpg)
<use /home/thies/db/Cambridge/data/images/cambridge/0001000010144910_COpJNwPw67
J78VXCoN_HMA.jpg>
Package pdftex.def Info: /home/thies/db/Cambridge/data/images/cambridge/0001000
010144910_COpJNwPw67J78VXCoN_HMA.jpg  used on input line 1036.
(pdftex.def)             Requested size: 45.16891pt x 45.16864pt.
</home/thies/db/Cambridge/data/images/cambridge/0001000009992797_JUTa4GsWaXplyC
P6XeVAvw.jpg, id=445, 642.4pt x 642.4pt>
File: /home/thies/db/Cambridge/data/images/cambridge/0001000009992797_JUTa4GsWa
XplyCP6XeVAvw.jpg Graphic file (type jpg)
<use /home/thies/db/Cambridge/data/images/cambridge/0001000009992797_JUTa4GsWaX
plyCP6XeVAvw.jpg>
Package pdftex.def Info: /home/thies/db/Cambridge/data/images/cambridge/0001000
009992797_JUTa4GsWaXplyCP6XeVAvw.jpg  used on input line 1036.
(pdftex.def)             Requested size: 45.16891pt x 45.16864pt.
</home/thies/db/Cambridge/data/images/cambridge/1000002500086356_n92s3snPX2zAwE
iJnA-Pxg.jpg, id=446, 642.4pt x 642.4pt>
File: /home/thies/db/Cambridge/data/images/cambridge/1000002500086356_n92s3snPX
2zAwEiJnA-Pxg.jpg Graphic file (type jpg)
<use /home/thies/db/Cambridge/data/images/cambridge/1000002500086356_n92s3snPX2
zAwEiJnA-Pxg.jpg>
Package pdftex.def Info: /home/thies/db/Cambridge/data/images/cambridge/1000002
500086356_n92s3snPX2zAwEiJnA-Pxg.jpg  used on input line 1036.
(pdftex.def)             Requested size: 45.16891pt x 45.16864pt.
</home/thies/db/Cambridge/data/images/cambridge/0001000010176201_dDyXoyEbeMXUhC
agwazbiA.jpg, id=447, 642.4pt x 642.4pt>
File: /home/thies/db/Cambridge/data/images/cambridge/0001000010176201_dDyXoyEbe
MXUhCagwazbiA.jpg Graphic file (type jpg)
<use /home/thies/db/Cambridge/data/images/cambridge/0001000010176201_dDyXoyEbeM
XUhCagwazbiA.jpg>
Package pdftex.def Info: /home/thies/db/Cambridge/data/images/cambridge/0001000
010176201_dDyXoyEbeMXUhCagwazbiA.jpg  used on input line 1036.
(pdftex.def)             Requested size: 45.16891pt x 45.16864pt.

Overfull \hbox (69.60217pt too wide) in paragraph at lines 1023--1043
[][]
 []

[29

pdfTeX warning (ext4): destination with the same identifier (name{figure.3}) ha
s been already used, duplicate ignored

\AtBegShi@Output ...ipout \box \AtBeginShipoutBox 
                                                  \fi \fi 
l.1045 \newpage
                </home/thies/db/Cambridge/data/images/cambridge/000100001005820
5_KqBBtZS8ecncUe8oqjErqQ.jpg> </home/thies/db/Cambridge/data/images/cambridge/0
001000010102767_u_7T3iAyG9xNgeN_ETY7aQ.jpg> </home/thies/db/Cambridge/data/imag
es/cambridge/0001000010141478_FT9houQ2x66NPnNEGxTkvA.jpg> </home/thies/db/Cambr
idge/data/images/cambridge/0001000010065714_pzExlR026vDKdQaJiLkdkw.jpg> </home/
thies/db/Cambridge/data/images/cambridge/0001000010137600_qYxYCsLRPpOfCyv8Ijfnl
A.jpg> </home/thies/db/Cambridge/data/images/cambridge/1000002057677225_srJnz_3
1ujVFzn-xh_DYfw.jpg> </home/thies/db/Cambridge/data/images/cambridge/1000002500
413689_VylY6Sy3vLvjqbtHeryMdQ.jpg> </home/thies/db/Cambridge/data/images/cambri
dge/0001000010056385_XQsTJ2p5Te54CScFmblMHA.jpg> </home/thies/db/Cambridge/data
/images/cambridge/0001000010102769_c_e4WlmafqN2JXQ2ZhYEkw.jpg> </home/thies/db/
Cambridge/data/images/cambridge/0001000010017237_yWs7fxQ0r8Ecx_ajaYc-rg.jpg> </
home/thies/db/Cambridge/data/images/cambridge/0001000010141115_xG0eSas79cN59fH4
xvm5Yw.jpg> </home/thies/db/Cambridge/data/images/cambridge/0001000010023665_B2
Is2WMV8SGjf7Tg9tLS7w.jpg> </home/thies/db/Cambridge/data/images/cambridge/10000
02500748070_DkW5iwQYtGox02-tF2i9rQ.jpg> </home/thies/db/Cambridge/data/images/c
ambridge/0001000010176986_bNOie2HS7GPQxPOtoevEHw.jpg> </home/thies/db/Cambridge
/data/images/cambridge/0001000010058145_xBAz4f8lI2MTivvvWv6wyQ.jpg> </home/thie
s/db/Cambridge/data/images/cambridge/0001000010103488_Y1L2niOkEGB1IKe4tsl1yw.jp
g> </home/thies/db/Cambridge/data/images/cambridge/0001000010021367_JF-P4lOQQou
Z6lHtM4J3oA.jpg> </home/thies/db/Cambridge/data/images/cambridge/00010000100653
49_HDvoqsiHXGx4xc62JSUNJA.jpg> </home/thies/db/Cambridge/data/images/cambridge/
0001000009993819_748OTBKSFyJZU2DP7TbboQ.jpg> </home/thies/db/Cambridge/data/ima
ges/cambridge/1000002057677000_8l6ywNIej2136uZeb3qKqA.jpg> </home/thies/db/Camb
ridge/data/images/cambridge/1000002500088807_4vu-eMLHmhX3JmHNwyulmQ.jpg> </home
/thies/db/Cambridge/data/images/cambridge/0001000010059206__nUymOPxCgpQugahoE7E
Pw.jpg> </home/thies/db/Cambridge/data/images/cambridge/0001000010103870_ywN_Bu
vuLW6kbLLP0QgJMA.jpg> </home/thies/db/Cambridge/data/images/cambridge/000100001
0017412_aOsldmaOT-MAce6q6qkmTQ.jpg> </home/thies/db/Cambridge/data/images/cambr
idge/0001000010107971_veilqmDOA-AfCuz4tWyg7g.jpg> </home/thies/db/Cambridge/dat
a/images/cambridge/0001000010025542_8rvXwCYBTCQu0eVM9nhN9Q.jpg> </home/thies/db
/Cambridge/data/images/cambridge/1000002500555322_FffLx_XVBUOvZgiXRdSAnA.jpg> <
/home/thies/db/Cambridge/data/images/cambridge/0001000010066754_dJmIRHcgebzrGzD
R_Cahaw.jpg> </home/thies/db/Cambridge/data/images/cambridge/0001000010060140_8
_DVq9QCmlMezNuDHGixwg.jpg> </home/thies/db/Cambridge/data/images/cambridge/0001
000010103819_mF6OqQrRTOlAoGdaraQsTQ.jpg> </home/thies/db/Cambridge/data/images/
cambridge/0001000010097999_xTD3YceIrtPJZwPz5d0G6Q.jpg> </home/thies/db/Cambridg
e/data/images/cambridge/0001000010065347_pouLRqJd7pkk41jryvYQ4A.jpg> </home/thi
es/db/Cambridge/data/images/cambridge/0001000009992776_QxMV8eRavS1riXfGzpSkBw.j
pg> </home/thies/db/Cambridge/data/images/cambridge/1000002500555341_NVXmLF7mim
1nGBZAdgw_ew.jpg> </home/thies/db/Cambridge/data/images/cambridge/1000002500569
086_g5RwBQ7D5edS2obfSogNIw.jpg> </home/thies/db/Cambridge/data/images/cambridge
/0001000010060139_8_DVq9QCmlMezNuDHGixwg.jpg> </home/thies/db/Cambridge/data/im
ages/cambridge/0001000010101711_wNQ403N-0pQd5fChNztfYA.jpg> </home/thies/db/Cam
bridge/data/images/cambridge/0001000010021374_55tKverBLF4C0oo8U4XABg.jpg> </hom
e/thies/db/Cambridge/data/images/cambridge/0001000010065352_kDKqKaGpPwLeCBKJIQm
eCg.jpg> </home/thies/db/Cambridge/data/images/cambridge/0001000010015484_zlR1v
VJ7F0L6hcsFoZEydw.jpg> </home/thies/db/Cambridge/data/images/cambridge/10000025
00548748_i6QAKtN2HhGsTVDBan2DKw.jpg> </home/thies/db/Cambridge/data/images/camb
ridge/1000002057955271_dMXMWNaIwddWdHidEuXowA.jpg> </home/thies/db/Cambridge/da
ta/images/cambridge/0001000010060141_W3ZIE8mPY6LJb-_hKatlUw.jpg> </home/thies/d
b/Cambridge/data/images/cambridge/0001000010103226_XO6qx_5Q9tNnNF958OBO3g.jpg> 
</home/thies/db/Cambridge/data/images/cambridge/0001000010017109_MbGvl1GxhZjQ_q
hD7puDBw.jpg> </home/thies/db/Cambridge/data/images/cambridge/0001000009995496_
N4NgCofyWASyYfcSPTjdBA.jpg> </home/thies/db/Cambridge/data/images/cambridge/000
1000010068890_aswyTpwrE_IfdbINnYx7XQ.jpg> </home/thies/db/Cambridge/data/images
/cambridge/0001000010104229_qFV1-weLxn8SRW4Ib2wexQ.jpg> </home/thies/db/Cambrid
ge/data/images/cambridge/0001000010199676_smIagQ34MLIcJOrjvIu9uw.jpg> </home/th
ies/db/Cambridge/data/images/cambridge/0001000010059966_e8c8bmHUpyKpiIZ1YO9ypg.
jpg> </home/thies/db/Cambridge/data/images/cambridge/0001000010101704_ZQFxujswd
Aj7EGqRlp8sXQ.jpg> </home/thies/db/Cambridge/data/images/cambridge/000100001001
7361_WxMCM3nht5EX_K9pqIK-kQ.jpg> </home/thies/db/Cambridge/data/images/cambridg
e/0001000010066620_4TqmJVLf3urSJo4ESg1zfw.jpg> </home/thies/db/Cambridge/data/i
mages/cambridge/0001000010023689_KpXUKEdjoQ9swgoB2oXA3w.jpg> </home/thies/db/Ca
mbridge/data/images/cambridge/1000002500748058_DkW5iwQYtGox02-tF2i9rQ.jpg> </ho
me/thies/db/Cambridge/data/images/cambridge/0001000010066718_dJmIRHcgebzrGzDR_C
ahaw.jpg> </home/thies/db/Cambridge/data/images/cambridge/0001000010060813_VlKe
IvrTv6UwOE9HD2LgJg.jpg> </home/thies/db/Cambridge/data/images/cambridge/0001000
010103859_P5YwPMree6QCxExkKqIzbw.jpg> </home/thies/db/Cambridge/data/images/cam
bridge/0001000010141515_5g5Bhsn_4iW-90aFMrIaSA.jpg> </home/thies/db/Cambridge/d
ata/images/cambridge/0001000010066361_gliMrVbagcfkfZjLw4mKlw.jpg> </home/thies/
db/Cambridge/data/images/cambridge/1000002500527045_p4zTtg8OzsbWjHYscCf-rA.jpg>
 </home/thies/db/Cambridge/data/images/cambridge/1000002500748076_zDr74LLmVeyKy
x7dPnXK6A.jpg> </home/thies/db/Cambridge/data/images/cambridge/1000002500413682
_drSMg0SQ9TU4Og8pXOgSxw.jpg> </home/thies/db/Cambridge/data/images/cambridge/00
01000010059967_e8c8bmHUpyKpiIZ1YO9ypg.jpg> </home/thies/db/Cambridge/data/image
s/cambridge/0001000010103388_CZH157SXYmF3dEVMKlWBfQ.jpg> </home/thies/db/Cambri
dge/data/images/cambridge/0001000010025644_bJ8zv37pDsP0CImvDMKC0w.jpg> </home/t
hies/db/Cambridge/data/images/cambridge/0001000010144910_COpJNwPw67J78VXCoN_HMA
.jpg> </home/thies/db/Cambridge/data/images/cambridge/0001000009992797_JUTa4GsW
aXplyCP6XeVAvw.jpg> </home/thies/db/Cambridge/data/images/cambridge/10000025000
86356_n92s3snPX2zAwEiJnA-Pxg.jpg> </home/thies/db/Cambridge/data/images/cambrid
ge/0001000010176201_dDyXoyEbeMXUhCagwazbiA.jpg>]
<figures/barplot_f1scores.jpg, id=453, 1003.75pt x 501.875pt>
File: figures/barplot_f1scores.jpg Graphic file (type jpg)
<use figures/barplot_f1scores.jpg>
Package pdftex.def Info: figures/barplot_f1scores.jpg  used on input line 1050.

(pdftex.def)             Requested size: 276.00105pt x 137.9969pt.
 [30pdfTeX warning (ext4): destination with the same identifier (name{figure.4}
) has been already used, duplicate ignored

\AtBegShi@Output ...ipout \box \AtBeginShipoutBox 
                                                  \fi \fi 
l.1058 \newpage
                <./figures/barplot_f1scores.jpg>]
Overfull \hbox (77.90839pt too wide) in paragraph at lines 1064--1082
 [][] 
 []

[31pdfTeX warning (ext4): destination with the same identifier (name{table.6}) 
has been already used, duplicate ignored

\AtBegShi@Output ...ipout \box \AtBeginShipoutBox 
                                                  \fi \fi 
l.1084 \newpage
               ]
Overfull \hbox (143.49129pt too wide) in paragraph at lines 1090--1151
 [][] 
 []


LaTeX Warning: Float too large for page by 10.60283pt on input line 1151.


Overfull \hbox (68.28528pt too wide) in paragraph at lines 1159--1179
 [][] 
 []


Overfull \hbox (67.37932pt too wide) in paragraph at lines 1187--1215
 [][] 
 []


Overfull \hbox (68.28517pt too wide) in paragraph at lines 1223--1243
 [][] 
 []

[32pdfTeX warning (ext4): destination with the same identifier (name{table.7}) 
has been already used, duplicate ignored

\AtBegShi@Output ...ipout \box \AtBeginShipoutBox 
                                                  \fi \fi 
l.1245 \clearpage
                 ] [33pdfTeX warning (ext4): destination with the same identifi
er (name{table.8}) has been already used, duplicate ignored

\AtBegShi@Output ...ipout \box \AtBeginShipoutBox 
                                                  \fi \fi 
l.1245 \clearpage
                 pdfTeX warning (ext4): destination with the same identifier (n
ame{table.9}) has been already used, duplicate ignored

\AtBegShi@Output ...ipout \box \AtBeginShipoutBox 
                                                  \fi \fi 
l.1245 \clearpage
                 ] [34pdfTeX warning (ext4): destination with the same identifi
er (name{table.10}) has been already used, duplicate ignored

\AtBegShi@Output ...ipout \box \AtBeginShipoutBox 
                                                  \fi \fi 
l.1245 \clearpage
                 ]
Package microtype Info: Character `029' is missing
(microtype)             in font `T1/lmr/m/sc/10'.
(microtype)             Ignoring protrusion settings for this character.
 [35

] [36] [37]
Package atveryend Info: Empty hook `BeforeClearDocument' on input line 1249.
 [38]
Package atveryend Info: Empty hook `AfterLastShipout' on input line 1249.
 (./manuscript_jrefe.aux)
Package atveryend Info: Executing hook `AtVeryEndDocument' on input line 1249.
Package atveryend Info: Executing hook `AtEndAfterFileList' on input line 1249.

Package rerunfilecheck Info: File `manuscript_jrefe.out' has not changed.
(rerunfilecheck)             Checksum: 9D464CC0029E7B49891DBDFA584E4EE2;2249.
Package logreq Info: Writing requests to 'manuscript_jrefe.run.xml'.
\openout1 = `manuscript_jrefe.run.xml'.

 ) 
Here is how much of TeX's memory you used:
 19595 strings out of 494510
 338541 string characters out of 6176235
 635430 words of memory out of 5000000
 22638 multiletter control sequences out of 15000+600000
 114637 words of font info for 206 fonts, out of 8000000 for 9000
 36 hyphenation exceptions out of 8191
 42i,12n,60p,984b,1856s stack positions out of 5000i,500n,10000p,200000b,80000s
pdfTeX warning (dest): name{Hfootnote.9} has been referenced but does not exi
st, replaced by a fixed one

pdfTeX warning (dest): name{Hfootnote.8} has been referenced but does not exist
, replaced by a fixed one

pdfTeX warning (dest): name{Hfootnote.7} has been referenced but does not exist
, replaced by a fixed one

pdfTeX warning (dest): name{Hfootnote.6} has been referenced but does not exist
, replaced by a fixed one

pdfTeX warning (dest): name{Hfootnote.5} has been referenced but does not exist
, replaced by a fixed one

pdfTeX warning (dest): name{Hfootnote.4} has been referenced but does not exist
, replaced by a fixed one

pdfTeX warning (dest): name{Hfootnote.3} has been referenced but does not exist
, replaced by a fixed one

pdfTeX warning (dest): name{Hfootnote.2} has been referenced but does not exist
, replaced by a fixed one

pdfTeX warning (dest): name{Hfootnote.1} has been referenced but does not exist
, replaced by a fixed one

{/usr/share/texmf/fonts/enc/dvips/lm/lm-ec.enc}{/usr/share/texmf/fonts/enc/dvip
s/lm/lm-mathsy.enc}{/usr/share/texmf/fonts/enc/dvips/lm/lm-mathex.enc}{/usr/sha
re/texmf/fonts/enc/dvips/lm/lm-rm.enc}{/usr/share/texmf/fonts/enc/dvips/lm/lm-m
athit.enc}{/usr/share/texmf/fonts/enc/dvips/lm/lm-ts1.enc}</usr/share/texmf/fon
ts/type1/public/lm/lmbx10.pfb></usr/share/texmf/fonts/type1/public/lm/lmbx12.pf
b></usr/share/texmf/fonts/type1/public/lm/lmbx7.pfb></usr/share/texmf/fonts/typ
e1/public/lm/lmbx9.pfb></usr/share/texmf/fonts/type1/public/lm/lmcsc10.pfb></us
r/share/texmf/fonts/type1/public/lm/lmex10.pfb></usr/share/texmf/fonts/type1/pu
blic/lm/lmmi10.pfb></usr/share/texmf/fonts/type1/public/lm/lmmi6.pfb></usr/shar
e/texmf/fonts/type1/public/lm/lmmi7.pfb></usr/share/texmf/fonts/type1/public/lm
/lmmi8.pfb></usr/share/texmf/fonts/type1/public/lm/lmmib10.pfb></usr/share/texm
f/fonts/type1/public/lm/lmr10.pfb></usr/share/texmf/fonts/type1/public/lm/lmr12
.pfb></usr/share/texmf/fonts/type1/public/lm/lmr17.pfb></usr/share/texmf/fonts/
type1/public/lm/lmr6.pfb></usr/share/texmf/fonts/type1/public/lm/lmr7.pfb></usr
/share/texmf/fonts/type1/public/lm/lmr8.pfb></usr/share/texmf/fonts/type1/publi
c/lm/lmr9.pfb></usr/share/texmf/fonts/type1/public/lm/lmri10.pfb></usr/share/te
xmf/fonts/type1/public/lm/lmri7.pfb></usr/share/texmf/fonts/type1/public/lm/lmr
i8.pfb></usr/share/texmf/fonts/type1/public/lm/lmsy10.pfb></usr/share/texmf/fon
ts/type1/public/lm/lmsy6.pfb></usr/share/texmf/fonts/type1/public/lm/lmsy8.pfb>
Output written on manuscript_jrefe.pdf (38 pages, 8953386 bytes).
PDF statistics:
 683 PDF objects out of 1000 (max. 8388607)
 537 compressed objects within 6 object streams
 123 named destinations out of 1000 (max. 500000)
 20950 words of extra memory for PDF output out of 24883 (max. 10000000)

